------------------------------------------------------------------------
Data Exchange - version 2.0.9 [0018:0010] - bundle-version 1.4.0
------------------------------------------------------------------------
2016-01-27 10:55:58,040 EST INFO   log.wbp.ebx-addon-adix.main 0985:0003 [ebx-boot] **** Server Started (logVersion=1.4) ****
2016-01-27 10:55:58,040 EST INFO   log.wbp.ebx-addon-adix.main 0985:0003 [ebx-boot] **** Data Exchange - version 2.0.9 [0018:0010] - bundle-version 1.4.0
2016-01-27 11:22:44,774 EST INFO   log.wbp.ebx-addon-adix.main 0985:0003 [ebx-shutdown] **** Server Stopped (logVersion=1.4) ****
------------------------------------------------------------------------
Data Exchange - version 2.0.9 [0018:0010] - bundle-version 1.4.0
------------------------------------------------------------------------
2016-01-27 13:38:54,611 EST INFO   log.wbp.ebx-addon-adix.main 0985:0003 [ebx-boot] **** Server Started (logVersion=1.4) ****
2016-01-27 13:38:54,612 EST INFO   log.wbp.ebx-addon-adix.main 0985:0003 [ebx-boot] **** Data Exchange - version 2.0.9 [0018:0010] - bundle-version 1.4.0
2016-01-27 13:46:38,416 EST INFO   log.wbp.ebx-addon-adix.main 0985:0003 [ebx-shutdown] **** Server Stopped (logVersion=1.4) ****
------------------------------------------------------------------------
Data Exchange - version 2.0.9 [0018:0010] - bundle-version 1.4.0
------------------------------------------------------------------------
2016-01-27 13:49:01,298 EST INFO   log.wbp.ebx-addon-adix.main 0985:0003 [ebx-boot] **** Server Started (logVersion=1.4) ****
2016-01-27 13:49:01,298 EST INFO   log.wbp.ebx-addon-adix.main 0985:0003 [ebx-boot] **** Data Exchange - version 2.0.9 [0018:0010] - bundle-version 1.4.0
2016-01-27 13:49:03,100 EST INFO   log.wbp.ebx-addon-adix.main 0985:0003 [ebx-shutdown] **** Server Stopped (logVersion=1.4) ****
------------------------------------------------------------------------
Data Exchange - version 2.0.9 [0018:0010] - bundle-version 1.4.0
------------------------------------------------------------------------
2016-01-27 13:50:10,899 EST INFO   log.wbp.ebx-addon-adix.main 0985:0003 [http-bio-8090-exec-1] **** Server Started (logVersion=1.4) ****
2016-01-27 13:50:10,900 EST INFO   log.wbp.ebx-addon-adix.main 0985:0003 [http-bio-8090-exec-1] **** Data Exchange - version 2.0.9 [0018:0010] - bundle-version 1.4.0
2016-01-27 13:52:16,690 EST INFO   log.wbp.ebx-addon-adix.main 0985:0003 [ebx-shutdown] **** Server Stopped (logVersion=1.4) ****
------------------------------------------------------------------------
Data Exchange - version 2.0.9 [0018:0010] - bundle-version 1.4.0
------------------------------------------------------------------------
2016-01-27 14:02:41,859 EST INFO   log.wbp.ebx-addon-adix.main 0985:0003 [ebx-boot] **** Server Started (logVersion=1.4) ****
2016-01-27 14:02:41,860 EST INFO   log.wbp.ebx-addon-adix.main 0985:0003 [ebx-boot] **** Data Exchange - version 2.0.9 [0018:0010] - bundle-version 1.4.0
2016-01-27 14:04:05,081 EST INFO   log.wbp.ebx-addon-adix.main 0985:0003 [ebx-shutdown] **** Server Stopped (logVersion=1.4) ****
------------------------------------------------------------------------
Data Exchange - version 2.0.9 [0018:0010] - bundle-version 1.4.0
------------------------------------------------------------------------
2016-01-27 14:12:27,797 EST INFO   log.wbp.ebx-addon-adix.main 0985:0003 [ebx-boot] **** Server Started (logVersion=1.4) ****
2016-01-27 14:12:27,798 EST INFO   log.wbp.ebx-addon-adix.main 0985:0003 [ebx-boot] **** Data Exchange - version 2.0.9 [0018:0010] - bundle-version 1.4.0
2016-01-27 14:21:20,460 EST INFO   log.wbp.ebx-addon-adix.main 0985:0003 [ebx-shutdown] **** Server Stopped (logVersion=1.4) ****
------------------------------------------------------------------------
Data Exchange - version 2.0.9 [0018:0010] - bundle-version 1.4.0
------------------------------------------------------------------------
2016-01-27 14:26:30,872 EST INFO   log.wbp.ebx-addon-adix.main 0985:0003 [ebx-boot] **** Server Started (logVersion=1.4) ****
2016-01-27 14:26:30,873 EST INFO   log.wbp.ebx-addon-adix.main 0985:0003 [ebx-boot] **** Data Exchange - version 2.0.9 [0018:0010] - bundle-version 1.4.0
2016-01-27 14:29:53,021 EST INFO   log.wbp.ebx-addon-adix.main 0985:0003 [ebx-shutdown] **** Server Stopped (logVersion=1.4) ****
------------------------------------------------------------------------
Data Exchange - version 2.0.9 [0018:0010] - bundle-version 1.4.0
------------------------------------------------------------------------
2016-01-27 14:30:13,508 EST INFO   log.wbp.ebx-addon-adix.main 0985:0003 [ebx-boot] **** Server Started (logVersion=1.4) ****
2016-01-27 14:30:13,508 EST INFO   log.wbp.ebx-addon-adix.main 0985:0003 [ebx-boot] **** Data Exchange - version 2.0.9 [0018:0010] - bundle-version 1.4.0
2016-01-27 14:34:54,050 EST INFO   log.wbp.ebx-addon-adix.main 0985:0003 [ebx-shutdown] **** Server Stopped (logVersion=1.4) ****
