2016-01-27 10:55:47,013 EST INFO   log.fsm 0985:0003 [localhost-startStop-1] **** Server Started (logVersion=1.4) ****
2016-01-27 10:55:47,013 EST INFO   log.fsm.dispatch 0985:0003 [localhost-startStop-1] **** Server Started (logVersion=1.4) ****
2016-01-27 10:55:47,014 EST INFO   log.fsm.pageHistory 0985:0003 [localhost-startStop-1] **** Server Started (logVersion=1.4) ****
2016-01-27 10:56:13,658 EST INFO   log.fsm 0985:0003 [http-bio-8090-exec-1] 8030E431302FAED68807FA30E5A6F066:0	Registered user session.
2016-01-27 10:56:13,704 EST INFO   log.fsm 0985:0003 [http-bio-8090-exec-1] 	0:0:0:0:0:0:0:1	8030E431302FAED68807FA30E5A6F066:0	ebx-manager	P	.INITIAL	root:undefined	U	onwbpInitialDefault	Uebx-unsetUser	--> .sessionOut.sessionOutLogin wbp:_Manager.html 0
2016-01-27 10:56:31,978 EST INFO   log.fsm 0985:0003 [http-bio-8090-exec-4] 	0:0:0:0:0:0:0:1	8030E431302FAED68807FA30E5A6F066:0	ebx-manager	P	.sessionOut.sessionOutLogin	wbp:_Manager.html	0	submitLogin	Uadmin	--> .sessionIn.data_root.data_main wbp:_Manager.html 1
2016-01-27 11:19:13,488 EST INFO   log.fsm 0985:0003 [http-bio-8090-exec-6] 	0:0:0:0:0:0:0:1	8030E431302FAED68807FA30E5A6F066:0	ebx-manager	P	.sessionIn.data_root.data_main	wbp:_Manager.html	1	on_select_datas	Uadmin	--> .sessionIn.workflow_root.workflow_main wbp:_Manager.html 2
2016-01-27 11:19:16,432 EST INFO   log.fsm 0985:0003 [http-bio-8090-exec-2] 	0:0:0:0:0:0:0:1	8030E431302FAED68807FA30E5A6F066:0	ebx-manager	P	.sessionIn.workflow_root.workflow_main	wbp:_Manager.html	2	on_select_datas	Uadmin	--> .sessionIn.modeling_root.modeling_dma.modeling_dma_main wbp:_Manager.html 3
2016-01-27 11:19:20,001 EST INFO   log.fsm 0985:0003 [http-bio-8090-exec-2] 	0:0:0:0:0:0:0:1	8030E431302FAED68807FA30E5A6F066:0	ebx-manager	P	.sessionIn.modeling_root.modeling_dma.modeling_dma_main	wbp:_Manager.html	3	on_select_datas	Uadmin	--> .sessionIn.modeling_root.modeling_dma.modeling_dma_main wbp:_Manager.html 4
2016-01-27 11:20:08,670 EST INFO   log.fsm 0985:0003 [http-bio-8090-exec-6] 	0:0:0:0:0:0:0:1	8030E431302FAED68807FA30E5A6F066:0	ebx-manager	P	.sessionIn.modeling_root.modeling_dma.modeling_dma_main	wbp:_Manager.html	4	on_select_datas	Uadmin	--> .sessionIn.modeling_root.modeling_dma.modeling_dma_main wbp:_Manager.html 5
2016-01-27 11:20:19,473 EST INFO   log.fsm 0985:0003 [http-bio-8090-exec-4] 	0:0:0:0:0:0:0:1	8030E431302FAED68807FA30E5A6F066:0	ebx-manager	P	.sessionIn.modeling_root.modeling_dma.modeling_dma_main	wbp:_Manager.html	5	on_select_datas	Uadmin	--> .sessionIn.modeling_root.modeling_dma.modeling_dma_main wbp:_Manager.html 6
2016-01-27 11:20:24,054 EST INFO   log.fsm 0985:0003 [http-bio-8090-exec-3] 	0:0:0:0:0:0:0:1	8030E431302FAED68807FA30E5A6F066:0	ebx-manager	P	.sessionIn.modeling_root.modeling_dma.modeling_dma_main	wbp:_Manager.html	6	startNodeRefRecordCreation	Uadmin	--> .sessionIn.modeling_root.modeling_dma.modeling_dma_main wbp:_Manager.html 7
2016-01-27 11:21:59,637 EST INFO   log.fsm 0985:0003 [http-bio-8090-exec-10] 	0:0:0:0:0:0:0:1	8030E431302FAED68807FA30E5A6F066:0	ebx-manager	P	.sessionIn.modeling_root.modeling_dma.modeling_dma_main	wbp:_Manager.html	7	on_select_datas	Uadmin	--> .sessionIn.modeling_root.modeling_dma.modeling_dma_main wbp:_Manager.html 8
2016-01-27 11:22:04,647 EST INFO   log.fsm 0985:0003 [http-bio-8090-exec-9] 	0:0:0:0:0:0:0:1	8030E431302FAED68807FA30E5A6F066:0	ebx-manager	P	.sessionIn.modeling_root.modeling_dma.modeling_dma_main	wbp:_Manager.html	8	on_select_datas	Uadmin	--> .sessionIn.modeling_root.modeling_dma.modeling_dma_main wbp:_Manager.html 9
2016-01-27 11:22:44,773 EST INFO   log.fsm.dispatch 0985:0003 [ebx-shutdown] **** Server Stopped (logVersion=1.4) ****
2016-01-27 11:22:44,774 EST INFO   log.fsm.pageHistory 0985:0003 [ebx-shutdown] **** Server Stopped (logVersion=1.4) ****
2016-01-27 11:22:44,780 EST INFO   log.fsm 0985:0003 [ebx-shutdown] **** Server Stopped (logVersion=1.4) ****
2016-01-27 11:22:44,823 EST INFO   log.fsm 0985:0003 [localhost-startStop-2] 8030E431302FAED68807FA30E5A6F066:0	Invalidated user session [onwbpInternalTimeOut].
2016-01-27 13:38:42,699 EST INFO   log.fsm 0985:0003 [localhost-startStop-1] **** Server Started (logVersion=1.4) ****
2016-01-27 13:38:42,700 EST INFO   log.fsm.dispatch 0985:0003 [localhost-startStop-1] **** Server Started (logVersion=1.4) ****
2016-01-27 13:38:42,700 EST INFO   log.fsm.pageHistory 0985:0003 [localhost-startStop-1] **** Server Started (logVersion=1.4) ****
2016-01-27 13:38:59,869 EST INFO   log.fsm 0985:0003 [http-bio-8090-exec-1] 543282142104C75B2A94901E52A83F92:0	Registered user session.
2016-01-27 13:38:59,926 EST INFO   log.fsm 0985:0003 [http-bio-8090-exec-1] 	0:0:0:0:0:0:0:1	543282142104C75B2A94901E52A83F92:0	ebx-manager	P	.INITIAL	root:undefined	U	onwbpInitialDefault	Uebx-unsetUser	--> .sessionOut.sessionOutLogin wbp:_Manager.html 0
2016-01-27 13:39:04,541 EST INFO   log.fsm 0985:0003 [http-bio-8090-exec-3] 	0:0:0:0:0:0:0:1	543282142104C75B2A94901E52A83F92:0	ebx-manager	P	.sessionOut.sessionOutLogin	wbp:_Manager.html	0	submitLogin	Uadmin	--> .sessionIn.data_root.data_main wbp:_Manager.html 1
2016-01-27 13:39:08,988 EST INFO   log.fsm 0985:0003 [http-bio-8090-exec-10] 	0:0:0:0:0:0:0:1	543282142104C75B2A94901E52A83F92:0	ebx-manager	P	.sessionIn.data_root.data_main	wbp:_Manager.html	1	on_select_datas	Uadmin	--> .sessionIn.modeling_root.modeling_dma.modeling_dma_main wbp:_Manager.html 2
2016-01-27 13:39:12,099 EST INFO   log.fsm 0985:0003 [http-bio-8090-exec-10] 	0:0:0:0:0:0:0:1	543282142104C75B2A94901E52A83F92:0	ebx-manager	P	.sessionIn.modeling_root.modeling_dma.modeling_dma_main	wbp:_Manager.html	2	on_select_datas	Uadmin	--> .sessionIn.modeling_root.modeling_dma.modeling_dma_main wbp:_Manager.html 3
2016-01-27 13:40:04,797 EST INFO   log.fsm 0985:0003 [http-bio-8090-exec-7] 	0:0:0:0:0:0:0:1	543282142104C75B2A94901E52A83F92:0	ebx-manager	P	.sessionIn.modeling_root.modeling_dma.modeling_dma_main	wbp:_Manager.html	3	on_select_datas	Uadmin	--> .sessionIn.modeling_root.modeling_dma.modeling_dma_main wbp:_Manager.html 4
2016-01-27 13:40:22,150 EST INFO   log.fsm 0985:0003 [http-bio-8090-exec-4] 	0:0:0:0:0:0:0:1	543282142104C75B2A94901E52A83F92:0	ebx-manager	P	.sessionIn.modeling_root.modeling_dma.modeling_dma_main	wbp:_Manager.html	4	submitRecordForm	Uadmin	--> .sessionIn.modeling_root.modeling_dma.modeling_dma_main wbp:_Manager.html 5
2016-01-27 13:40:24,176 EST INFO   log.fsm 0985:0003 [http-bio-8090-exec-5] 	0:0:0:0:0:0:0:1	543282142104C75B2A94901E52A83F92:0	ebx-manager	P	.sessionIn.modeling_root.modeling_dma.modeling_dma_main	wbp:_Manager.html	5	on_select_datas	Uadmin	--> .sessionIn.modeling_root.modeling_wf.modeling_wf_main wbp:_Manager.html 6
2016-01-27 13:40:26,358 EST INFO   log.fsm 0985:0003 [http-bio-8090-exec-5] 	0:0:0:0:0:0:0:1	543282142104C75B2A94901E52A83F92:0	ebx-manager	P	.sessionIn.modeling_root.modeling_wf.modeling_wf_main	wbp:_Manager.html	6	on_select_datas	Uadmin	--> .sessionIn.modeling_root.modeling_wf.modeling_wf_main wbp:_Manager.html 7
2016-01-27 13:40:32,427 EST INFO   log.fsm 0985:0003 [http-bio-8090-exec-5] 	0:0:0:0:0:0:0:1	543282142104C75B2A94901E52A83F92:0	ebx-manager	P	.sessionIn.modeling_root.modeling_wf.modeling_wf_main	wbp:_Manager.html	7	on_select_datas	Uadmin	--> .sessionIn.modeling_root.modeling_dma.modeling_dma_main wbp:_Manager.html 8
2016-01-27 13:40:36,018 EST INFO   log.fsm 0985:0003 [http-bio-8090-exec-5] 	0:0:0:0:0:0:0:1	543282142104C75B2A94901E52A83F92:0	ebx-manager	P	.sessionIn.modeling_root.modeling_dma.modeling_dma_main	wbp:_Manager.html	8	on_select_datas	Uadmin	--> .sessionIn.modeling_root.modeling_dma.modeling_dma_main wbp:_Manager.html 9
2016-01-27 13:40:37,074 EST INFO   log.fsm 0985:0003 [http-bio-8090-exec-5] 	0:0:0:0:0:0:0:1	543282142104C75B2A94901E52A83F92:0	ebx-manager	P	.sessionIn.modeling_root.modeling_dma.modeling_dma_main	wbp:_Manager.html	9	on_select_datas	Uadmin	--> .sessionIn.modeling_root.modeling_dma.modeling_dma_main wbp:_Manager.html 10
2016-01-27 13:40:38,672 EST INFO   log.fsm 0985:0003 [http-bio-8090-exec-5] 	0:0:0:0:0:0:0:1	543282142104C75B2A94901E52A83F92:0	ebx-manager	P	.sessionIn.modeling_root.modeling_dma.modeling_dma_main	wbp:_Manager.html	10	startRecordCreation	Uadmin	--> .sessionIn.modeling_root.modeling_dma.modeling_dma_main wbp:_Manager.html 11
2016-01-27 13:41:26,079 EST INFO   log.fsm 0985:0003 [http-bio-8090-exec-7] 	0:0:0:0:0:0:0:1	543282142104C75B2A94901E52A83F92:0	ebx-manager	P	.sessionIn.modeling_root.modeling_dma.modeling_dma_main	wbp:_Manager.html	11	closeRecordForm	Uadmin	--> .sessionIn.modeling_root.modeling_dma.modeling_dma_main wbp:_Manager.html 12
2016-01-27 13:41:28,807 EST INFO   log.fsm 0985:0003 [http-bio-8090-exec-2] 	0:0:0:0:0:0:0:1	543282142104C75B2A94901E52A83F92:0	ebx-manager	P	.sessionIn.modeling_root.modeling_dma.modeling_dma_main	wbp:_Manager.html	12	on_select_datas	Uadmin	--> .sessionIn.modeling_root.modeling_dma.modeling_dma_main wbp:_Manager.html 13
2016-01-27 13:41:29,833 EST INFO   log.fsm 0985:0003 [http-bio-8090-exec-2] 	0:0:0:0:0:0:0:1	543282142104C75B2A94901E52A83F92:0	ebx-manager	P	.sessionIn.modeling_root.modeling_dma.modeling_dma_main	wbp:_Manager.html	13	on_select_datas	Uadmin	--> .sessionIn.modeling_root.modeling_dma.modeling_dma_main wbp:_Manager.html 14
2016-01-27 13:41:41,898 EST INFO   log.fsm 0985:0003 [http-bio-8090-exec-2] 	0:0:0:0:0:0:0:1	543282142104C75B2A94901E52A83F92:0	ebx-manager	P	.sessionIn.modeling_root.modeling_dma.modeling_dma_main	wbp:_Manager.html	14	on_select_datas	Uadmin	--> .sessionIn.modeling_root.modeling_dma.modeling_dma_main wbp:_Manager.html 15
2016-01-27 13:41:46,676 EST INFO   log.fsm 0985:0003 [http-bio-8090-exec-2] 	0:0:0:0:0:0:0:1	543282142104C75B2A94901E52A83F92:0	ebx-manager	P	.sessionIn.modeling_root.modeling_dma.modeling_dma_main	wbp:_Manager.html	15	on_select_datas	Uadmin	--> .sessionIn.modeling_root.modeling_dma.modeling_dma_main wbp:_Manager.html 16
2016-01-27 13:41:47,978 EST INFO   log.fsm 0985:0003 [http-bio-8090-exec-2] 	0:0:0:0:0:0:0:1	543282142104C75B2A94901E52A83F92:0	ebx-manager	P	.sessionIn.modeling_root.modeling_dma.modeling_dma_main	wbp:_Manager.html	16	on_select_datas	Uadmin	--> .sessionIn.modeling_root.modeling_dma.modeling_dma_main wbp:_Manager.html 17
2016-01-27 13:41:51,231 EST INFO   log.fsm 0985:0003 [http-bio-8090-exec-2] 	0:0:0:0:0:0:0:1	543282142104C75B2A94901E52A83F92:0	ebx-manager	P	.sessionIn.modeling_root.modeling_dma.modeling_dma_main	wbp:_Manager.html	17	startRecordCreation	Uadmin	--> .sessionIn.modeling_root.modeling_dma.modeling_dma_main wbp:_Manager.html 18
2016-01-27 13:42:46,920 EST INFO   log.fsm 0985:0003 [http-bio-8090-exec-1] 	0:0:0:0:0:0:0:1	543282142104C75B2A94901E52A83F92:0	ebx-manager	P	.sessionIn.modeling_root.modeling_dma.modeling_dma_main	wbp:_Manager.html	18	closeRecordForm	Uadmin	--> .sessionIn.modeling_root.modeling_dma.modeling_dma_main wbp:_Manager.html 19
2016-01-27 13:42:48,112 EST INFO   log.fsm 0985:0003 [http-bio-8090-exec-1] 	0:0:0:0:0:0:0:1	543282142104C75B2A94901E52A83F92:0	ebx-manager	P	.sessionIn.modeling_root.modeling_dma.modeling_dma_main	wbp:_Manager.html	19	on_select_datas	Uadmin	--> .sessionIn.modeling_root.modeling_dma.modeling_dma_main wbp:_Manager.html 20
2016-01-27 13:42:50,010 EST INFO   log.fsm 0985:0003 [http-bio-8090-exec-1] 	0:0:0:0:0:0:0:1	543282142104C75B2A94901E52A83F92:0	ebx-manager	P	.sessionIn.modeling_root.modeling_dma.modeling_dma_main	wbp:_Manager.html	20	on_select_datas	Uadmin	--> .sessionIn.modeling_root.modeling_dma.modeling_dma_main wbp:_Manager.html 21
2016-01-27 13:42:50,997 EST INFO   log.fsm 0985:0003 [http-bio-8090-exec-2] 	0:0:0:0:0:0:0:1	543282142104C75B2A94901E52A83F92:0	ebx-manager	P	.sessionIn.modeling_root.modeling_dma.modeling_dma_main	wbp:_Manager.html	21	on_select_datas	Uadmin	--> .sessionIn.modeling_root.modeling_dma.modeling_dma_main wbp:_Manager.html 22
2016-01-27 13:43:05,570 EST INFO   log.fsm 0985:0003 [http-bio-8090-exec-2] 	0:0:0:0:0:0:0:1	543282142104C75B2A94901E52A83F92:0	ebx-manager	P	.sessionIn.modeling_root.modeling_dma.modeling_dma_main	wbp:_Manager.html	22	on_select_datas	Uadmin	--> .sessionIn.workflow_root.workflow_main wbp:_Manager.html 23
2016-01-27 13:43:09,387 EST INFO   log.fsm 0985:0003 [http-bio-8090-exec-2] 	0:0:0:0:0:0:0:1	543282142104C75B2A94901E52A83F92:0	ebx-manager	P	.sessionIn.workflow_root.workflow_main	wbp:_Manager.html	23	on_select_datas	Uadmin	--> .sessionIn.dataSpaces_root.dataSpaces_main wbp:_Manager.html 24
2016-01-27 13:43:10,999 EST INFO   log.fsm 0985:0003 [http-bio-8090-exec-2] 	0:0:0:0:0:0:0:1	543282142104C75B2A94901E52A83F92:0	ebx-manager	P	.sessionIn.dataSpaces_root.dataSpaces_main	wbp:_Manager.html	24	on_select_datas	Uadmin	--> .sessionIn.data_root.data_main wbp:_Manager.html 25
2016-01-27 13:45:14,891 EST INFO   log.fsm 0985:0003 [http-bio-8090-exec-6] 	0:0:0:0:0:0:0:1	543282142104C75B2A94901E52A83F92:0	ebx-manager	P	.sessionIn.data_root.data_main	wbp:_Manager.html	25	on_select_datas	Uadmin	--> .sessionIn.modeling_root.modeling_dma.modeling_dma_main wbp:_Manager.html 26
2016-01-27 13:46:38,415 EST INFO   log.fsm.dispatch 0985:0003 [ebx-shutdown] **** Server Stopped (logVersion=1.4) ****
2016-01-27 13:46:38,416 EST INFO   log.fsm.pageHistory 0985:0003 [ebx-shutdown] **** Server Stopped (logVersion=1.4) ****
2016-01-27 13:46:38,420 EST INFO   log.fsm 0985:0003 [ebx-shutdown] **** Server Stopped (logVersion=1.4) ****
2016-01-27 13:46:38,467 EST INFO   log.fsm 0985:0003 [localhost-startStop-2] 543282142104C75B2A94901E52A83F92:0	Invalidated user session [onwbpInternalTimeOut].
2016-01-27 13:46:55,073 EST INFO   log.fsm 0985:0003 [localhost-startStop-1] **** Server Started (logVersion=1.4) ****
2016-01-27 13:46:55,073 EST INFO   log.fsm.dispatch 0985:0003 [localhost-startStop-1] **** Server Started (logVersion=1.4) ****
2016-01-27 13:46:55,073 EST INFO   log.fsm.pageHistory 0985:0003 [localhost-startStop-1] **** Server Started (logVersion=1.4) ****
2016-01-27 13:49:02,489 EST INFO   log.fsm 0985:0003 [http-bio-8090-exec-1] 543282142104C75B2A94901E52A83F92:1	Registered user session.
2016-01-27 13:49:02,487 EST INFO   log.fsm 0985:0003 [http-bio-8090-exec-3] 543282142104C75B2A94901E52A83F92:0	Registered user session.
2016-01-27 13:49:02,490 EST INFO   log.fsm 0985:0003 [http-bio-8090-exec-2] 543282142104C75B2A94901E52A83F92:2	Registered user session.
2016-01-27 13:49:02,557 EST INFO   log.fsm 0985:0003 [http-bio-8090-exec-2] 	0:0:0:0:0:0:0:1	543282142104C75B2A94901E52A83F92:2	ebx-manager	P	.INITIAL	root:undefined	U	onwbpInitialDefault	Uebx-unsetUser	--> .sessionOut.sessionOutLogin wbp:_Manager.html 0
2016-01-27 13:49:02,558 EST INFO   log.fsm 0985:0003 [http-bio-8090-exec-3] 	0:0:0:0:0:0:0:1	543282142104C75B2A94901E52A83F92:0	ebx-manager	P	.INITIAL	root:undefined	U	onwbpInitialDefault	Uebx-unsetUser	--> .sessionOut.sessionOutLogin wbp:_Manager.html 0
2016-01-27 13:49:02,558 EST INFO   log.fsm 0985:0003 [http-bio-8090-exec-1] 	0:0:0:0:0:0:0:1	543282142104C75B2A94901E52A83F92:1	ebx-manager	P	.INITIAL	root:undefined	U	onwbpInitialDefault	Uebx-unsetUser	--> .sessionOut.sessionOutLogin wbp:_Manager.html 0
2016-01-27 13:49:03,099 EST INFO   log.fsm.dispatch 0985:0003 [ebx-shutdown] **** Server Stopped (logVersion=1.4) ****
2016-01-27 13:49:03,100 EST INFO   log.fsm.pageHistory 0985:0003 [ebx-shutdown] **** Server Stopped (logVersion=1.4) ****
2016-01-27 13:49:03,104 EST INFO   log.fsm 0985:0003 [ebx-shutdown] **** Server Stopped (logVersion=1.4) ****
2016-01-27 13:49:03,152 EST INFO   log.fsm 0985:0003 [localhost-startStop-2] 543282142104C75B2A94901E52A83F92:0	Invalidated user session [onwbpInternalTimeOut].
2016-01-27 13:49:03,153 EST INFO   log.fsm 0985:0003 [localhost-startStop-2] 543282142104C75B2A94901E52A83F92:1	Invalidated user session [onwbpInternalTimeOut].
2016-01-27 13:49:03,153 EST INFO   log.fsm 0985:0003 [localhost-startStop-2] 543282142104C75B2A94901E52A83F92:2	Invalidated user session [onwbpInternalTimeOut].
2016-01-27 13:49:56,219 EST INFO   log.fsm 0985:0003 [localhost-startStop-1] **** Server Started (logVersion=1.4) ****
2016-01-27 13:49:56,219 EST INFO   log.fsm.dispatch 0985:0003 [localhost-startStop-1] **** Server Started (logVersion=1.4) ****
2016-01-27 13:49:56,219 EST INFO   log.fsm.pageHistory 0985:0003 [localhost-startStop-1] **** Server Started (logVersion=1.4) ****
2016-01-27 13:50:13,839 EST INFO   log.fsm 0985:0003 [http-bio-8090-exec-1] 543282142104C75B2A94901E52A83F92:0	Registered user session.
2016-01-27 13:50:14,071 EST INFO   log.fsm 0985:0003 [http-bio-8090-exec-1] 	0:0:0:0:0:0:0:1	543282142104C75B2A94901E52A83F92:0	ebx-manager	P	.INITIAL	root:undefined	U	onwbpInitialDefault	Uebx-unsetUser	--> .sessionOut.sessionOutLogin wbp:_Manager.html 0
2016-01-27 13:50:33,097 EST INFO   log.fsm 0985:0003 [http-bio-8090-exec-3] 	0:0:0:0:0:0:0:1	543282142104C75B2A94901E52A83F92:0	ebx-manager	P	.sessionOut.sessionOutLogin	wbp:_Manager.html	0	submitLogin	Uadmin	--> .sessionIn.data_root.data_main wbp:_Manager.html 1
2016-01-27 13:50:37,380 EST INFO   log.fsm 0985:0003 [http-bio-8090-exec-10] 	0:0:0:0:0:0:0:1	543282142104C75B2A94901E52A83F92:0	ebx-manager	P	.sessionIn.data_root.data_main	wbp:_Manager.html	1	on_select_datas	Uadmin	--> .sessionIn.modeling_root.modeling_wf.modeling_wf_main wbp:_Manager.html 2
2016-01-27 13:50:39,053 EST INFO   log.fsm 0985:0003 [http-bio-8090-exec-3] 	0:0:0:0:0:0:0:1	543282142104C75B2A94901E52A83F92:0	ebx-manager	P	.sessionIn.modeling_root.modeling_wf.modeling_wf_main	wbp:_Manager.html	2	on_select_datas	Uadmin	--> .sessionIn.modeling_root.modeling_wf.modeling_wf_main wbp:_Manager.html 3
2016-01-27 13:50:40,693 EST INFO   log.fsm 0985:0003 [http-bio-8090-exec-7] 	0:0:0:0:0:0:0:1	543282142104C75B2A94901E52A83F92:0	ebx-manager	P	.sessionIn.modeling_root.modeling_wf.modeling_wf_main	wbp:_Manager.html	3	on_select_datas	Uadmin	--> .sessionIn.modeling_root.modeling_dma.modeling_dma_main wbp:_Manager.html 4
2016-01-27 13:50:43,889 EST INFO   log.fsm 0985:0003 [http-bio-8090-exec-2] 	0:0:0:0:0:0:0:1	543282142104C75B2A94901E52A83F92:0	ebx-manager	P	.sessionIn.modeling_root.modeling_dma.modeling_dma_main	wbp:_Manager.html	4	on_select_datas	Uadmin	--> .sessionIn.modeling_root.modeling_dma.modeling_dma_main wbp:_Manager.html 5
2016-01-27 13:50:55,109 EST INFO   log.fsm 0985:0003 [http-bio-8090-exec-10] 	0:0:0:0:0:0:0:1	543282142104C75B2A94901E52A83F92:0	ebx-manager	P	.sessionIn.modeling_root.modeling_dma.modeling_dma_main	wbp:_Manager.html	5	submitRecordForm	Uadmin	--> .sessionIn.modeling_root.modeling_dma.modeling_dma_main wbp:_Manager.html 6
2016-01-27 13:51:00,515 EST INFO   log.fsm 0985:0003 [http-bio-8090-exec-7] 	0:0:0:0:0:0:0:1	543282142104C75B2A94901E52A83F92:0	ebx-manager	P	.sessionIn.modeling_root.modeling_dma.modeling_dma_main	wbp:_Manager.html	6	on_select_datas	Uadmin	--> .sessionIn.modeling_root.modeling_dma.modeling_dma_main wbp:_Manager.html 7
2016-01-27 13:51:01,874 EST INFO   log.fsm 0985:0003 [http-bio-8090-exec-7] 	0:0:0:0:0:0:0:1	543282142104C75B2A94901E52A83F92:0	ebx-manager	P	.sessionIn.modeling_root.modeling_dma.modeling_dma_main	wbp:_Manager.html	7	startRecordCreation	Uadmin	--> .sessionIn.modeling_root.modeling_dma.modeling_dma_main wbp:_Manager.html 8
2016-01-27 13:51:26,769 EST INFO   log.fsm 0985:0003 [http-bio-8090-exec-3] 	0:0:0:0:0:0:0:1	543282142104C75B2A94901E52A83F92:0	ebx-manager	P	.sessionIn.modeling_root.modeling_dma.modeling_dma_main	wbp:_Manager.html	8	closeRecordForm	Uadmin	--> .sessionIn.modeling_root.modeling_dma.modeling_dma_main wbp:_Manager.html 9
2016-01-27 13:52:16,689 EST INFO   log.fsm.dispatch 0985:0003 [ebx-shutdown] **** Server Stopped (logVersion=1.4) ****
2016-01-27 13:52:16,690 EST INFO   log.fsm.pageHistory 0985:0003 [ebx-shutdown] **** Server Stopped (logVersion=1.4) ****
2016-01-27 13:52:16,695 EST INFO   log.fsm 0985:0003 [ebx-shutdown] **** Server Stopped (logVersion=1.4) ****
2016-01-27 13:52:16,748 EST INFO   log.fsm 0985:0003 [localhost-startStop-2] 543282142104C75B2A94901E52A83F92:0	Invalidated user session [onwbpInternalTimeOut].
2016-01-27 13:52:25,862 EST INFO   log.fsm 0985:0003 [localhost-startStop-1] **** Server Started (logVersion=1.4) ****
2016-01-27 13:52:25,862 EST INFO   log.fsm.dispatch 0985:0003 [localhost-startStop-1] **** Server Started (logVersion=1.4) ****
2016-01-27 13:52:25,862 EST INFO   log.fsm.pageHistory 0985:0003 [localhost-startStop-1] **** Server Started (logVersion=1.4) ****
2016-01-27 13:53:43,575 EST INFO   log.fsm.dispatch 0985:0003 [ebx-shutdown] **** Server Stopped (logVersion=1.4) ****
2016-01-27 13:53:43,577 EST INFO   log.fsm.pageHistory 0985:0003 [ebx-shutdown] **** Server Stopped (logVersion=1.4) ****
2016-01-27 13:53:43,579 EST INFO   log.fsm 0985:0003 [ebx-shutdown] **** Server Stopped (logVersion=1.4) ****
2016-01-27 14:02:25,521 EST INFO   log.fsm 0985:0003 [localhost-startStop-1] **** Server Started (logVersion=1.4) ****
2016-01-27 14:02:25,521 EST INFO   log.fsm.dispatch 0985:0003 [localhost-startStop-1] **** Server Started (logVersion=1.4) ****
2016-01-27 14:02:25,521 EST INFO   log.fsm.pageHistory 0985:0003 [localhost-startStop-1] **** Server Started (logVersion=1.4) ****
2016-01-27 14:03:53,385 EST INFO   log.fsm 0985:0003 [http-bio-8090-exec-1] 543282142104C75B2A94901E52A83F92:0	Registered user session.
2016-01-27 14:03:53,424 EST INFO   log.fsm 0985:0003 [http-bio-8090-exec-1] 	0:0:0:0:0:0:0:1	543282142104C75B2A94901E52A83F92:0	ebx-manager	P	.INITIAL	root:undefined	U	onwbpInitialDefault	Uebx-unsetUser	--> .sessionOut.sessionOutLogin wbp:_Manager.html 0
2016-01-27 14:03:57,280 EST INFO   log.fsm 0985:0003 [http-bio-8090-exec-3] 	0:0:0:0:0:0:0:1	543282142104C75B2A94901E52A83F92:0	ebx-manager	P	.sessionOut.sessionOutLogin	wbp:_Manager.html	0	submitLogin	Uadmin	--> .sessionIn.data_root.data_main wbp:_Manager.html 1
2016-01-27 14:04:05,080 EST INFO   log.fsm.dispatch 0985:0003 [ebx-shutdown] **** Server Stopped (logVersion=1.4) ****
2016-01-27 14:04:05,081 EST INFO   log.fsm.pageHistory 0985:0003 [ebx-shutdown] **** Server Stopped (logVersion=1.4) ****
2016-01-27 14:04:05,085 EST INFO   log.fsm 0985:0003 [ebx-shutdown] **** Server Stopped (logVersion=1.4) ****
2016-01-27 14:04:05,139 EST INFO   log.fsm 0985:0003 [localhost-startStop-2] 543282142104C75B2A94901E52A83F92:0	Invalidated user session [onwbpInternalTimeOut].
2016-01-27 14:04:14,560 EST INFO   log.fsm 0985:0003 [localhost-startStop-1] **** Server Started (logVersion=1.4) ****
2016-01-27 14:04:14,560 EST INFO   log.fsm.dispatch 0985:0003 [localhost-startStop-1] **** Server Started (logVersion=1.4) ****
2016-01-27 14:04:14,560 EST INFO   log.fsm.pageHistory 0985:0003 [localhost-startStop-1] **** Server Started (logVersion=1.4) ****
2016-01-27 14:04:35,771 EST INFO   log.fsm.dispatch 0985:0003 [ebx-shutdown] **** Server Stopped (logVersion=1.4) ****
2016-01-27 14:04:35,772 EST INFO   log.fsm.pageHistory 0985:0003 [ebx-shutdown] **** Server Stopped (logVersion=1.4) ****
2016-01-27 14:04:35,777 EST INFO   log.fsm 0985:0003 [ebx-shutdown] **** Server Stopped (logVersion=1.4) ****
2016-01-27 14:12:13,255 EST INFO   log.fsm 0985:0003 [localhost-startStop-1] **** Server Started (logVersion=1.4) ****
2016-01-27 14:12:13,255 EST INFO   log.fsm.dispatch 0985:0003 [localhost-startStop-1] **** Server Started (logVersion=1.4) ****
2016-01-27 14:12:13,255 EST INFO   log.fsm.pageHistory 0985:0003 [localhost-startStop-1] **** Server Started (logVersion=1.4) ****
2016-01-27 14:12:29,325 EST INFO   log.fsm 0985:0003 [http-bio-8090-exec-1] 543282142104C75B2A94901E52A83F92:0	Registered user session.
2016-01-27 14:12:29,498 EST INFO   log.fsm 0985:0003 [http-bio-8090-exec-1] 	0:0:0:0:0:0:0:1	543282142104C75B2A94901E52A83F92:0	ebx-manager	P	.INITIAL	root:undefined	U	onwbpInitialDefault	Uebx-unsetUser	--> .sessionOut.sessionOutLogin wbp:_Manager.html 0
2016-01-27 14:12:46,314 EST INFO   log.fsm 0985:0003 [http-bio-8090-exec-3] 	0:0:0:0:0:0:0:1	543282142104C75B2A94901E52A83F92:0	ebx-manager	P	.sessionOut.sessionOutLogin	wbp:_Manager.html	0	submitLogin	Uadmin	--> .sessionIn.data_root.data_main wbp:_Manager.html 1
2016-01-27 14:12:49,218 EST INFO   log.fsm 0985:0003 [http-bio-8090-exec-10] 	0:0:0:0:0:0:0:1	543282142104C75B2A94901E52A83F92:0	ebx-manager	P	.sessionIn.data_root.data_main	wbp:_Manager.html	1	on_select_datas	Uadmin	--> .sessionIn.modeling_root.modeling_dma.modeling_dma_main wbp:_Manager.html 2
2016-01-27 14:12:52,323 EST INFO   log.fsm 0985:0003 [http-bio-8090-exec-10] 	0:0:0:0:0:0:0:1	543282142104C75B2A94901E52A83F92:0	ebx-manager	P	.sessionIn.modeling_root.modeling_dma.modeling_dma_main	wbp:_Manager.html	2	on_select_datas	Uadmin	--> .sessionIn.modeling_root.modeling_dma.modeling_dma_main wbp:_Manager.html 3
2016-01-27 14:13:05,253 EST INFO   log.fsm 0985:0003 [http-bio-8090-exec-8] 	0:0:0:0:0:0:0:1	543282142104C75B2A94901E52A83F92:0	ebx-manager	P	.sessionIn.modeling_root.modeling_dma.modeling_dma_main	wbp:_Manager.html	3	startRecordCreation	Uadmin	--> .sessionIn.modeling_root.modeling_dma.modeling_dma_main wbp:_Manager.html 4
2016-01-27 14:21:20,460 EST INFO   log.fsm.dispatch 0985:0003 [ebx-shutdown] **** Server Stopped (logVersion=1.4) ****
2016-01-27 14:21:20,460 EST INFO   log.fsm.pageHistory 0985:0003 [ebx-shutdown] **** Server Stopped (logVersion=1.4) ****
2016-01-27 14:21:20,467 EST INFO   log.fsm 0985:0003 [ebx-shutdown] **** Server Stopped (logVersion=1.4) ****
2016-01-27 14:21:20,519 EST INFO   log.fsm 0985:0003 [localhost-startStop-2] 543282142104C75B2A94901E52A83F92:0	Invalidated user session [onwbpInternalTimeOut].
2016-01-27 14:26:20,117 EST INFO   log.fsm 0985:0003 [localhost-startStop-1] **** Server Started (logVersion=1.4) ****
2016-01-27 14:26:20,117 EST INFO   log.fsm.dispatch 0985:0003 [localhost-startStop-1] **** Server Started (logVersion=1.4) ****
2016-01-27 14:26:20,117 EST INFO   log.fsm.pageHistory 0985:0003 [localhost-startStop-1] **** Server Started (logVersion=1.4) ****
2016-01-27 14:27:00,619 EST INFO   log.fsm 0985:0003 [http-bio-8090-exec-1] 543282142104C75B2A94901E52A83F92:0	Registered user session.
2016-01-27 14:27:00,665 EST INFO   log.fsm 0985:0003 [http-bio-8090-exec-1] 	0:0:0:0:0:0:0:1	543282142104C75B2A94901E52A83F92:0	ebx-manager	P	.INITIAL	root:undefined	U	onwbpInitialDefault	Uebx-unsetUser	--> .sessionOut.sessionOutLogin wbp:_Manager.html 0
2016-01-27 14:27:05,111 EST INFO   log.fsm 0985:0003 [http-bio-8090-exec-3] 	0:0:0:0:0:0:0:1	543282142104C75B2A94901E52A83F92:0	ebx-manager	P	.sessionOut.sessionOutLogin	wbp:_Manager.html	0	submitLogin	Uadmin	--> .sessionIn.data_root.data_main wbp:_Manager.html 1
2016-01-27 14:27:09,607 EST INFO   log.fsm 0985:0003 [http-bio-8090-exec-10] 	0:0:0:0:0:0:0:1	543282142104C75B2A94901E52A83F92:0	ebx-manager	P	.sessionIn.data_root.data_main	wbp:_Manager.html	1	generateBindings	Uadmin	--> .sessionIn.data_root.data_main wbp:_Manager.html 2
2016-01-27 14:29:53,019 EST INFO   log.fsm.dispatch 0985:0003 [ebx-shutdown] **** Server Stopped (logVersion=1.4) ****
2016-01-27 14:29:53,021 EST INFO   log.fsm.pageHistory 0985:0003 [ebx-shutdown] **** Server Stopped (logVersion=1.4) ****
2016-01-27 14:29:53,026 EST INFO   log.fsm 0985:0003 [ebx-shutdown] **** Server Stopped (logVersion=1.4) ****
2016-01-27 14:29:53,071 EST INFO   log.fsm 0985:0003 [localhost-startStop-2] 543282142104C75B2A94901E52A83F92:0	Invalidated user session [onwbpInternalTimeOut].
2016-01-27 14:30:01,922 EST INFO   log.fsm 0985:0003 [localhost-startStop-1] **** Server Started (logVersion=1.4) ****
2016-01-27 14:30:01,923 EST INFO   log.fsm.dispatch 0985:0003 [localhost-startStop-1] **** Server Started (logVersion=1.4) ****
2016-01-27 14:30:01,923 EST INFO   log.fsm.pageHistory 0985:0003 [localhost-startStop-1] **** Server Started (logVersion=1.4) ****
2016-01-27 14:30:41,628 EST INFO   log.fsm 0985:0003 [http-bio-8090-exec-1] 543282142104C75B2A94901E52A83F92:0	Registered user session.
2016-01-27 14:30:41,667 EST INFO   log.fsm 0985:0003 [http-bio-8090-exec-1] 	0:0:0:0:0:0:0:1	543282142104C75B2A94901E52A83F92:0	ebx-manager	P	.INITIAL	root:undefined	U	onwbpInitialDefault	Uebx-unsetUser	--> .sessionOut.sessionOutLogin wbp:_Manager.html 0
2016-01-27 14:30:48,753 EST INFO   log.fsm 0985:0003 [http-bio-8090-exec-3] 	0:0:0:0:0:0:0:1	543282142104C75B2A94901E52A83F92:0	ebx-manager	P	.sessionOut.sessionOutLogin	wbp:_Manager.html	0	submitLogin	Uadmin	--> .sessionIn.data_root.data_main wbp:_Manager.html 1
2016-01-27 14:30:57,942 EST INFO   log.fsm 0985:0003 [http-bio-8090-exec-1] 	0:0:0:0:0:0:0:1	543282142104C75B2A94901E52A83F92:0	ebx-manager	P	.sessionIn.data_root.data_main	wbp:_Manager.html	1	on_select_datas	Uadmin	--> .sessionIn.dataSpaces_root.dataSpaces_main wbp:_Manager.html 2
2016-01-27 14:30:58,601 EST INFO   log.fsm 0985:0003 [http-bio-8090-exec-4] 	0:0:0:0:0:0:0:1	543282142104C75B2A94901E52A83F92:0	ebx-manager	P	.sessionIn.dataSpaces_root.dataSpaces_main	wbp:_Manager.html	2	on_select_datas	Uadmin	--> .sessionIn.workflow_root.workflow_main wbp:_Manager.html 3
2016-01-27 14:30:59,711 EST INFO   log.fsm 0985:0003 [http-bio-8090-exec-4] 	0:0:0:0:0:0:0:1	543282142104C75B2A94901E52A83F92:0	ebx-manager	P	.sessionIn.workflow_root.workflow_main	wbp:_Manager.html	3	on_select_datas	Uadmin	--> .sessionIn.modeling_root.modeling_dma.modeling_dma_main wbp:_Manager.html 4
2016-01-27 14:31:00,910 EST INFO   log.fsm 0985:0003 [http-bio-8090-exec-4] 	0:0:0:0:0:0:0:1	543282142104C75B2A94901E52A83F92:0	ebx-manager	P	.sessionIn.modeling_root.modeling_dma.modeling_dma_main	wbp:_Manager.html	4	dataModel_publish	Uadmin	--> .sessionIn.modeling_root.modeling_dma.modeling_publishModel_root.modeling_dma_publish_main.modeling_dma_publish_prepare_wait wbp:_Manager.html 5
2016-01-27 14:31:01,187 EST INFO   log.fsm 0985:0003 [http-bio-8090-exec-7] 	0:0:0:0:0:0:0:1	543282142104C75B2A94901E52A83F92:0	ebx-manager	P	.sessionIn.modeling_root.modeling_dma.modeling_publishModel_root.modeling_dma_publish_main.modeling_dma_publish_prepare_wait	wbp:_Manager.html	5	publish_dataModel_prepare	Uadmin	--> .sessionIn.modeling_root.modeling_dma.modeling_publishModel_root.modeling_dma_publish_main.modeling_dma_publish_version wbp:_Manager.html 6
2016-01-27 14:31:06,587 EST INFO   log.fsm 0985:0003 [http-bio-8090-exec-9] 543282142104C75B2A94901E52A83F92:0-0	Registered user session.
2016-01-27 14:31:06,594 EST INFO   log.fsm 0985:0003 [http-bio-8090-exec-9] 	0:0:0:0:0:0:0:1	543282142104C75B2A94901E52A83F92:0-0	ebx-manager	P	.INITIAL	root:undefined	U	onwbpInitialDefault	Uadmin	--> .sessionIn.data_root.data_main wbp:_Manager.html 0
2016-01-27 14:31:09,381 EST INFO   log.fsm 0985:0003 [http-bio-8090-exec-9] 	0:0:0:0:0:0:0:1	543282142104C75B2A94901E52A83F92:0-0	ebx-manager	P	.sessionIn.data_root.data_main	wbp:_Manager.html	0	logOut	Uadmin	--> FINAL.externalSession_Exit.externalSession_ExitNormal root:undefined 1		/domain/sessionContext/userInfoLog=admin
2016-01-27 14:31:09,382 EST INFO   log.fsm 0985:0003 [http-bio-8090-exec-9] 543282142104C75B2A94901E52A83F92:0-0	Invalidated user session [].
2016-01-27 14:31:12,831 EST INFO   log.fsm 0985:0003 [http-bio-8090-exec-7] 	0:0:0:0:0:0:0:1	543282142104C75B2A94901E52A83F92:0	ebx-manager	P	.sessionIn.modeling_root.modeling_dma.modeling_publishModel_root.modeling_dma_publish_main.modeling_dma_publish_version	wbp:_Manager.html	6	publish_dataModel_execute_wait	Uadmin	--> .sessionIn.modeling_root.modeling_dma.modeling_publishModel_root.modeling_dma_publish_main.modeling_dma_publish_execute_wait wbp:_Manager.html 7
2016-01-27 14:31:13,024 EST INFO   log.fsm 0985:0003 [http-bio-8090-exec-7] 	0:0:0:0:0:0:0:1	543282142104C75B2A94901E52A83F92:0	ebx-manager	P	.sessionIn.modeling_root.modeling_dma.modeling_publishModel_root.modeling_dma_publish_main.modeling_dma_publish_execute_wait	wbp:_Manager.html	7	publish_dataModel_execute	Uadmin	--> .sessionIn.modeling_root.modeling_dma.modeling_publishModel_root.modeling_dma_publish_main.modeling_dma_publish_model_confirmation wbp:_Manager.html 8
2016-01-27 14:32:16,694 EST INFO   log.fsm 0985:0003 [http-bio-8090-exec-4] 	0:0:0:0:0:0:0:1	543282142104C75B2A94901E52A83F92:0	ebx-manager	P	.sessionIn.modeling_root.modeling_dma.modeling_publishModel_root.modeling_dma_publish_main.modeling_dma_publish_model_confirmation	wbp:_Manager.html	8	on_select_datas	Uadmin	--> .sessionIn.dataSpaces_root.dataSpaces_main wbp:_Manager.html 9
2016-01-27 14:32:17,352 EST INFO   log.fsm 0985:0003 [http-bio-8090-exec-4] 	0:0:0:0:0:0:0:1	543282142104C75B2A94901E52A83F92:0	ebx-manager	P	.sessionIn.dataSpaces_root.dataSpaces_main	wbp:_Manager.html	9	on_select_datas	Uadmin	--> .sessionIn.data_root.data_main wbp:_Manager.html 10
2016-01-27 14:32:20,666 EST INFO   log.fsm 0985:0003 [http-bio-8090-exec-2] 	0:0:0:0:0:0:0:1	543282142104C75B2A94901E52A83F92:0	ebx-manager	P	.sessionIn.data_root.data_main	wbp:_Manager.html	10	validateOrValidateInstance_Wait	Uadmin	--> .sessionIn.data_root.data_main wbp:_Manager.html 11
2016-01-27 14:32:20,796 EST INFO   log.fsm 0985:0003 [http-bio-8090-exec-1] 	0:0:0:0:0:0:0:1	543282142104C75B2A94901E52A83F92:0	ebx-manager	P	.sessionIn.data_root.data_main	wbp:_Manager.html	11	validateOrRevalidateInstance	Uadmin	--> .sessionIn.validation_dataSet_report wbp:_Manager.html 12
2016-01-27 14:32:23,456 EST INFO   log.fsm 0985:0003 [http-bio-8090-exec-1] 	0:0:0:0:0:0:0:1	543282142104C75B2A94901E52A83F92:0	ebx-manager	P	.sessionIn.validation_dataSet_report	wbp:_Manager.html	12	validateOrRevalidateInstance_reset	Uadmin	--> .sessionIn.validation_dataSet_report wbp:_Manager.html 13
2016-01-27 14:32:29,211 EST INFO   log.fsm 0985:0003 [http-bio-8090-exec-7] 	0:0:0:0:0:0:0:1	543282142104C75B2A94901E52A83F92:0	ebx-manager	P	.sessionIn.validation_dataSet_report	wbp:_Manager.html	13	validateOrValidateInstance_Wait	Uadmin	--> .sessionIn.validation_dataSet_report wbp:_Manager.html 14
2016-01-27 14:32:29,325 EST INFO   log.fsm 0985:0003 [http-bio-8090-exec-2] 	0:0:0:0:0:0:0:1	543282142104C75B2A94901E52A83F92:0	ebx-manager	P	.sessionIn.validation_dataSet_report	wbp:_Manager.html	14	validateOrRevalidateInstance	Uadmin	--> .sessionIn.validation_dataSet_report wbp:_Manager.html 15
2016-01-27 14:32:36,721 EST INFO   log.fsm 0985:0003 [http-bio-8090-exec-6] 	0:0:0:0:0:0:0:1	543282142104C75B2A94901E52A83F92:0	ebx-manager	P	.sessionIn.validation_dataSet_report	wbp:_Manager.html	15	on_select_datas	Uadmin	--> .sessionIn.dataSpaces_root.dataSpaces_main wbp:_Manager.html 16
2016-01-27 14:32:37,403 EST INFO   log.fsm 0985:0003 [http-bio-8090-exec-6] 	0:0:0:0:0:0:0:1	543282142104C75B2A94901E52A83F92:0	ebx-manager	P	.sessionIn.dataSpaces_root.dataSpaces_main	wbp:_Manager.html	16	on_select_datas	Uadmin	--> .sessionIn.data_root.data_main wbp:_Manager.html 17
2016-01-27 14:32:46,851 EST INFO   log.fsm 0985:0003 [http-bio-8090-exec-6] 	0:0:0:0:0:0:0:1	543282142104C75B2A94901E52A83F92:0	ebx-manager	P	.sessionIn.data_root.data_main	wbp:_Manager.html	17	generateBindings	Uadmin	--> .sessionIn.data_root.data_main wbp:_Manager.html 18
2016-01-27 14:34:54,049 EST INFO   log.fsm.dispatch 0985:0003 [ebx-shutdown] **** Server Stopped (logVersion=1.4) ****
2016-01-27 14:34:54,050 EST INFO   log.fsm.pageHistory 0985:0003 [ebx-shutdown] **** Server Stopped (logVersion=1.4) ****
2016-01-27 14:34:54,054 EST INFO   log.fsm 0985:0003 [ebx-shutdown] **** Server Stopped (logVersion=1.4) ****
2016-01-27 14:34:54,103 EST INFO   log.fsm 0985:0003 [localhost-startStop-2] 543282142104C75B2A94901E52A83F92:0	Invalidated user session [onwbpInternalTimeOut].
