2016-01-29 09:47:41,012 EST INFO   log.kernel 0985:0003 [localhost-startStop-1] **** Server Started (logVersion=1.4) ****
2016-01-29 09:47:41,014 EST INFO   log.setup 0985:0003 [localhost-startStop-1] **** Server Started (logVersion=1.4) ****
2016-01-29 09:47:41,014 EST INFO   log.frontEnd 0985:0003 [localhost-startStop-1] **** Server Started (logVersion=1.4) ****
2016-01-29 09:47:41,014 EST INFO   log.frontEnd.incomingRequest 0985:0003 [localhost-startStop-1] **** Server Started (logVersion=1.4) ****
2016-01-29 09:47:41,014 EST INFO   log.frontEnd.requestHistory 0985:0003 [localhost-startStop-1] **** Server Started (logVersion=1.4) ****
2016-01-29 09:47:41,014 EST INFO   log.frontEnd.UIComponentInput 0985:0003 [localhost-startStop-1] **** Server Started (logVersion=1.4) ****
2016-01-29 09:47:41,063 EST WARN   log.kernel 0985:0003 [localhost-startStop-1] Could not initialize JMS environment, reason: java.lang.NoClassDefFoundError: javax/jms/JMSException > Caused by > java.lang.ClassNotFoundException: javax.jms.JMSException
2016-01-29 09:47:41,554 EST INFO   log.kernel 0985:0003 [localhost-startStop-1] Initialized EBX5 core configuration:
-----------------------EBX5 CONFIGURATION-----------------------
  EBX5 product version                      : 5.6.1 Fix A [0985:0003] Not registered - Trial - Evaluation only (expires in 15 days)
  EBX5 main configuration file              : System property [ebx.properties=/Users/susannahdarling/Documents/workspace/EBXworkspace/EBX Server/../EBX Home/ebx.properties]
  VM start time                             : 2016/01/29-09:47:39-0850 EST
  Log directory (default)                   : /Users/susannahdarling/Documents/workspace/EBXworkspace/EBX Home/ebxLog/
  EBX5 root directory                       : /Users/susannahdarling/Documents/workspace/EBXworkspace/EBX Home/ebxRepository/
  Temporary directory                       : /private/var/folders/90/bh1r9lnx7rd03bjt6wnrd12h0000gn/T/
  Repository persistence type               : h2.standalone
  Repository ownership                      : unique - 1000 ms
  Directory factory                         : default
  Commit threshold                          : 100
  Validation message threshold              : 100
  Data workflow activated                   : true
  SMTP service not activated                : -
  JMS not activated                         : -
  HTTPS support                             : true
  HTTP servlet URL                          : http://{host}/ebx/
  HTTPS servlet URL                         : https://{host}/ebx/
  HTTP URL for web resources                : http://{host}/
  HTTPS URL for web resources               : https://{host}/
  External resource location                : inside web apps (directory '/www/')
  Regular expressions for excluded resources: m:CVS/*:
  EBX5 locales available                    : en_US, fr_FR
  EBX5 default locale                       : en_US
  Property file watch interval (ms)         : 1000
  VM identifier                             : 1
  Site name                                 : name@domain.com
  EBX5 schema URL prefix                    : http://schema.orchestranetworks.com/
  Container type                            : servlet container
  EBX5 mode                                 : development
--------------------------SYSTEM CONFIGURATION--------------------------
  Java installation directory  : /Library/Java/JavaVirtualMachines/jdk1.8.0_65.jdk/Contents/Home/jre
  Java vendor                  : Oracle Corporation
  Java version number          : 1.8.0_65
  Java VM name                 : Java HotSpot(TM) 64-Bit Server VM
  Operating system architecture: x86_64
  Operating system name        : Mac OS X
  Operating system version     : 10.11.2
  Local host                   : Susannahs-MBP (10.1.10.225)
  User's working directory     : /Users/susannahdarling/Documents/workspace/EBXworkspace/EBX Server
  User home directory          : /Users/susannahdarling
  User account name            : susannahdarling
  Java default Locale          : en_US
  Java ClassPath               : /Users/susannahdarling/Documents/workspace/EBXworkspace/EBX Server/lib/activation.jar
                                 /Users/susannahdarling/Documents/workspace/EBXworkspace/EBX Server/lib/ebx.jar
                                 /Users/susannahdarling/Documents/workspace/EBXworkspace/EBX Server/lib/h2-1.3.170.jar
                                 /Users/susannahdarling/Documents/workspace/EBXworkspace/EBX Server/lib/mail.jar
                                 /Users/susannahdarling/Documents/workspace/EBXworkspace/Libraries/Apache Tomcat/apache-tomcat-7.0.42/lib/servlet-api.jar
                                 /Users/susannahdarling/Downloads/jackson-mapper-asl-1.8.5.jar
                                 /Users/susannahdarling/Downloads/jackson-core-asl-1.8.5.jar
                                 /Users/susannahdarling/Downloads/commons-io-2.4.jar
                                 /Users/susannahdarling/Documents/workspace/EBXworkspace/Geomatch Module/bin
                                 /EBX Server/bin
  Servlet container            : Apache Tomcat/7.0.42
  Servlet API version          : 3.0
  JVM available processors     : 4
  JVM allocated memory (MB)    : 363
  JVM used memory (MB)         : 186
  JVM free memory (MB)         : 177
  JVM maximum memory (MB)      : 1820
------------------------------------------------------------------------

2016-01-29 09:47:41,557 EST INFO   log.kernel 0985:0003 [localhost-startStop-1] Performance log is not activated
	Performance log is activated by means of property 'ebx.perf.log' in 'ebx.properties'.
	Available operation tokens are: concurrency:csvExport:csvImport:dataService:miscellaneous:tablePagedView:xmlExport:xmlImport.
	Example: 'ebx.perf.log=xmlExport:xmlImport'.
2016-01-29 09:47:44,214 EST INFO   log.kernel 0985:0003 [localhost-startStop-1] Initialized EBX5 default repository: id=77, hostName=Susannahs-MBP, hostAddress=10.1.10.225, mode=unique, state=Not owner-jdbc:h2:/Users/susannahdarling/Documents/workspace/EBXworkspace/EBX Home/ebxRepository/h2/repository
2016-01-29 09:47:44,229 EST INFO   log.kernel 0985:0003 [localhost-startStop-1] Logs update scheduled at 2016-01-29 00:02:00,227 EST each day.
2016-01-29 09:47:44,230 EST INFO   log.kernel 0985:0003 [localhost-startStop-1] END EBX5 initialization.
2016-01-29 09:47:46,206 EST INFO   log.kernel 0985:0003 [localhost-startStop-1] Modules' registry #2afdf94c:
	Registered module [ebx-addon-adix].
	Registry now contains: ebx-addon-adix, Geomatch Module.
2016-01-29 09:47:46,206 EST INFO   log.kernel 0985:0003 [localhost-startStop-1] Module addon [ebx-addon-adix] - Release: 2.0.9 -  Build #: 0018:0010.
2016-01-29 09:47:47,558 EST INFO   log.kernel 0985:0003 [localhost-startStop-1] Modules' registry #2afdf94c:
	Registered module [ebx-dma].
	Registry now contains: ebx-dma, ebx-addon-adix, Geomatch Module.
2016-01-29 09:47:47,559 EST INFO   log.kernel 0985:0003 [localhost-startStop-1] Core module [ebx-dma] - Release: 5.6.1 -  Build #: 0985:0003.
2016-01-29 09:47:48,328 EST INFO   log.kernel 0985:0003 [localhost-startStop-1] Modules' registry #2afdf94c:
	Registered module [ebx-manager].
	Registry now contains: ebx-manager, ebx-dma, ebx-addon-adix, Geomatch Module.
2016-01-29 09:47:48,328 EST INFO   log.kernel 0985:0003 [localhost-startStop-1] Core module [ebx-manager] - Release: 5.6.1 -  Build #: 0985:0003.
2016-01-29 09:47:49,074 EST INFO   log.kernel 0985:0003 [localhost-startStop-1] Modules' registry #2afdf94c:
	Registered module [ebx-root-1.0].
	Module [ebx-root-1.0] is root module.
	Registry now contains: ebx-root-1.0, ebx-manager, ebx-dma, ebx-addon-adix, Geomatch Module.
2016-01-29 09:47:49,074 EST INFO   log.kernel 0985:0003 [localhost-startStop-1] Core module [ebx-root-1.0] - Release: 5.6.1 -  Build #: 0985:0003.
2016-01-29 09:47:49,405 EST INFO   log.kernel 0985:0003 [ebx-boot] Compilation done in 67 ms:
 ****** Module[ebx-root-1.0]
 **         info [-]: Formatting policy for locale 'en_US' described in file [/WEB-INF/ebx/en_US/frontEndFormattingPolicy.xml].
 **         info [-]: Formatting policy for locale 'fr_FR' described in file [/WEB-INF/ebx/fr_FR/frontEndFormattingPolicy.xml].
 ****** successful.
2016-01-29 09:47:49,647 EST INFO   log.kernel 0985:0003 [ebx-boot] EBX5 repository is ready!
-----------------------EBX5 REPOSITORY-----------------------
	Repository identity                    : 00BCB1E7F93B
	Repository label                       : Repository
	Store format                           : 2.0:h2:100:2048
	Store location info                    : jdbc:h2:/Users/susannahdarling/Documents/workspace/EBXworkspace/EBX Home/ebxRepository/h2/repository
	Current repository ownership connection: id=77; state='Owner'; conf='unique - 1000 ms'.
	Database product name                  : H2
	Database product version               : 1.3.170 (2012-11-30)
	JDBC driver name                       : H2 JDBC Driver
	JDBC driver version                    : 1.3.170 (2012-11-30)
	Estimated number of records in EBX_HOM : 47
	Estimated number of records in EBX_HTB : 51
	Estimated number of records in EBX_BRV : 50
	Number of data spaces                  : 22
	Number of snapshots                    : 25
	Number of open data spaces             : 22
	Number of open snapshots               : 25
	Cache hashcode                         : #54cf1b25
------------------------------------------------------------------------
Repository content, summary by data set reference:
ebx-dataSpaces (001:0002)	[module: ebx-root-1.0, java: com.onwbp.adaptation.RtaSchemaBuilder_V5]
	Used by 1 homes: Bebx-dataSpaces
ebx-directory (002:0003)	[module: ebx-root-1.0, path: /WEB-INF/ebx/schemas/directory.xsd]
	Used by 1 homes: Bebx-directory
ebx-autoIncrements (003:0004)	[module: ebx-root-1.0, java: com.onwbp.adaptation.AutoIncrementSchemaBuilder]
	Used by 1 homes: Bebx-autoIncrements
ebx-views (004:0005)	[module: ebx-root-1.0, path: /WEB-INF/ebx/schemas/viewsPreferences_5.0.xsd]
	Used by 1 homes: Bebx-views
ebx-preferences (005:0006)	[module: ebx-root-1.0, path: /WEB-INF/ebx/schemas/userPreferences_5.0.xsd]
	Used by 1 homes: Bebx-preferences
ebx-globalPermissions (006:0007)	[module: ebx-root-1.0, java: com.orchestranetworks.permissions.SPRGlobalPermissionsSchemaBuilder]
	Used by 1 homes: Bebx-globalPermissions
ebx-manager (007:0008)	[module: ebx-manager, path: /WEB-INF/ebx/dataModel.xsd]
	Used by 1 homes: Bebx-manager
ebx-scheduler (008:0009)	[module: ebx-root-1.0, java: com.orchestranetworks.scheduler.repository.SchedulerSchemaBuilder]
	Used by 1 homes: Bebx-scheduler
ebx-publications (009:0010)	[module: ebx-root-1.0, java: com.orchestranetworks.models.publication.DmvPublicationsSchemaDefinition]
	Used by 1 homes: Bebx-dataModels-publications
ebx-event-broker (010:0011)	[module: ebx-root-1.0, path: /WEB-INF/ebx/schemas/event-broker.xsd]
	Used by 1 homes: Bebx-event-broker
ebx-history (011:0012)	[module: ebx-root-1.0, path: /WEB-INF/ebx/schemas/history_1.0.xsd]
	Used by 1 homes: Bebx-history
ebx-addons (012:0013)	[module: ebx-root-1.0, java: com.orchestranetworks.addon.AddonsSchemaBuilder]
	Used by 1 homes: Bebx-addons
ebx-perspective (013:0014)	[module: ebx-root-1.0, path: /WEB-INF/ebx/schemas/perspective_1.0.xsd]
	Used by 1 homes: Bebx-perspective
ebx-advanced-perspective (014:0015)	child of ebx-perspective
	Used by 1 homes: Bebx-perspective
ebx-addon-adix (015:0016)	[module: ebx-addon-adix, path: /WEB-INF/ebx/schema/preferences.xsd]
	Used by 1 homes: Bebx-addon-adix
ebx-addon-adix-dataexchange (016:0017)	[module: ebx-addon-adix, path: /WEB-INF/ebx/schema/ebx-addon-adix-dataexchange.xsd]
	Used by 1 homes: Bebx-addon-adix-dataexchange
ebx-dataLineage (017:0018)	[module: ebx-root-1.0, path: /WEB-INF/ebx/schemas/dataLineage_1.0.xsd]
	Used by 1 homes: Bebx-dataLineage
ebx-interactions (018:0019)	[module: ebx-root-1.0, path: /WEB-INF/ebx/schemas/interaction_1.0.xsd]
	Used by 1 homes: Bebx-interactions
execution (019:0020)	[module: ebx-root-1.0, path: /WEB-INF/ebx/schemas/workflow/workflow_execution_1.1.xsd]
	Used by 1 homes: Bebx-workflow-execution
configuration (020:0021)	[module: ebx-root-1.0, path: /WEB-INF/ebx/schemas/workflow/workflow_configuration_1.1.xsd]
	Used by 5 homes: Bebx-workflow-definitions V2016-01-15T15:05:53.297 V2016-01-19T10:31:47.592 V2016-01-19T10:38:52.826 V2016-01-21T10:09:45.191
GeomatchDataModel (021:0022)	[module: ebx-dma, path: /WEB-INF/ebx/schemas/meta-model_1.0.xsd]
	Used by 1 homes: Bebx-dma
GeomatchDataSet (022:0023)	[PublicationName: GeomatchDataModel]
	Used by 1 homes: BReference
Geomatch (023:0024)	[module: ebx-root-1.0, path: /WEB-INF/ebx/schemas/workflow/workflow_definition_1.1.xsd]
	Used by 2 homes: V2016-01-15T15:05:53.297 V2016-01-19T10:31:47.592
Geomatch (023:0025)	[PublicationName: GeomatchDataModel]
	Used by 1 homes: BGeomatch
Geomatch (023:0026)	[module: ebx-root-1.0, path: /WEB-INF/ebx/schemas/workflow/workflow_definition_1.1.xsd]
	Used by 3 homes: Bebx-workflow-definitions V2016-01-19T10:38:52.826 V2016-01-21T10:09:45.191
2016-01-29 09:47:49,864 EST INFO   log.kernel 0985:0003 [ebx-boot] Compilation done in 52 ms:
 ****** Schema[module: ebx-root-1.0, path: /WEB-INF/ebx/schemas/common_1.0.xsd, iid=01D]
 **         info [-]: Reserved schema, internal build.
 ****** successful.
2016-01-29 09:47:49,970 EST INFO   log.kernel 0985:0003 [ebx-boot] Compilation done in 123 ms (branch "ebx-history"):
 ****** Schema[module: ebx-root-1.0, path: /WEB-INF/ebx/schemas/history_1.0.xsd, iid=006]
 **         info [-]: Import: Module: ebx-root-1.0, path: /WEB-INF/ebx/schemas/common_1.0.xsd.
 ****** successful.
2016-01-29 09:47:50,126 EST INFO   log.kernel 0985:0003 [ebx-boot] Beginning data models compilation...
2016-01-29 09:47:50,159 EST INFO   log.kernel 0985:0003 [ebx-boot] Compilation done in 16 ms:
 ****** Schema[module: ebx-root-1.0, path: /WEB-INF/ebx/schemas/dataLineage_1.0.xsd, iid=007]
 **         info [-]: Import: Module: ebx-root-1.0, path: /WEB-INF/ebx/schemas/common_1.0.xsd.
 ****** successful.
2016-01-29 09:47:50,221 EST INFO   log.kernel 0985:0003 [ebx-boot] Compilation done in 31 ms:
 ****** Schema[module: ebx-root-1.0, path: /WEB-INF/ebx/schemas/directory.xsd, iid=00F]
 **         info [-]: Import: Module: ebx-root-1.0, path: /WEB-INF/ebx/schemas/common_1.0.xsd.
 ****** successful.
2016-01-29 09:47:50,225 EST INFO   log.kernel 0985:0003 [ebx-boot] Module[ebx-dma]: properties file [/WEB-INF/ebx/module.properties] does not exist.
2016-01-29 09:47:50,225 EST INFO   log.kernel 0985:0003 [ebx-boot] Compilation done in 1 ms:
 ****** Module[ebx-dma]
 ****** successful.
2016-01-29 09:47:50,246 EST INFO   log.kernel 0985:0003 [ebx-boot] Compilation done in 3 ms:
 ****** Schema[module: ebx-root-1.0, path: /WEB-INF/ebx/schemas/customViewsTypes.xsd, iid=01F]
 **         info [-]: Import: Module: ebx-root-1.0, path: /WEB-INF/ebx/schemas/common_1.0.xsd.
 **         info [-]: No adaptation roots since there is no global element declarations.
 ****** successful.
2016-01-29 09:47:50,269 EST INFO   log.kernel 0985:0003 [ebx-boot] Compilation done in 2 ms:
 ****** Schema[module: ebx-dma, path: /WEB-INF/ebx/schemas/_reserved/common_1.0.xsd, iid=01E]
 **         info [-]: Reserved schema, internal build.
 ****** successful.
2016-01-29 09:47:50,641 EST INFO   log.kernel 0985:0003 [ebx-boot] Compilation done in 418 ms:
 ****** Schema[module: ebx-dma, path: /WEB-INF/ebx/schemas/meta-model_1.0.xsd, iid=008]
 **         info [-]: Include: Module: ebx-root-1.0, path: /WEB-INF/ebx/schemas/customViewsTypes.xsd.
 **         info [-]: Import: Module: ebx-dma, path: /WEB-INF/ebx/schemas/_reserved/common_1.0.xsd.
 ****** successful.
2016-01-29 09:47:50,662 EST INFO   log.kernel 0985:0003 [ebx-boot] Compilation done in 21 ms:
 ****** Schema[module: ebx-root-1.0, path: /WEB-INF/ebx/schemas/event-broker.xsd, iid=016]
 **         info [-]: Import: Module: ebx-root-1.0, path: /WEB-INF/ebx/schemas/common_1.0.xsd.
 ****** successful.
2016-01-29 09:47:50,675 EST INFO   log.kernel 0985:0003 [ebx-boot] Compilation done in 1 ms:
 ****** Schema[module: ebx-root-1.0, path: /WEB-INF/ebx/schemas/_reserved/common_1.0.xsd, iid=020]
 **         info [-]: Reserved schema, internal build.
 ****** successful.
2016-01-29 09:47:50,680 EST INFO   log.kernel 0985:0003 [ebx-boot] Compilation done in 8 ms:
 ****** Schema[module: ebx-root-1.0, path: /WEB-INF/ebx/schemas/interaction_1.0.xsd, iid=00C]
 **         info [-]: Import: Module: ebx-root-1.0, path: /WEB-INF/ebx/schemas/_reserved/common_1.0.xsd.
 ****** successful.
2016-01-29 09:47:50,716 EST INFO   log.kernel 0985:0003 [ebx-boot] Compilation done in 36 ms:
 ****** Module[ebx-manager]
 ****** successful.
2016-01-29 09:47:50,716 EST INFO   log.kernel 0985:0003 [ebx-docIndexing] Indexing EBX5 documentation.
2016-01-29 09:47:50,719 EST INFO   log.kernel 0985:0003 [ebx-docIndexing] Indexing EBX5 documentation for 'en', /www/common/html/onHelp/simple/: running...
2016-01-29 09:47:50,719 EST INFO   log.kernel 0985:0003 [ebx-boot] Compilation done in 0 ms:
 ****** Schema[module: ebx-root-1.0, path: /WEB-INF/ebx/schemas/common_1.0.xsd, iid=01D]
 **         info [-]: Reserved schema, internal build.
 ****** successful.
2016-01-29 09:47:50,720 EST INFO   log.kernel 0985:0003 [ebx-boot] Compilation done in 2 ms:
 ****** Schema[module: ebx-root-1.0, path: /WEB-INF/ebx/schemas/coreModel_1.0.xsd, iid=022]
 **         info [-]: Import: Module: ebx-root-1.0, path: /WEB-INF/ebx/schemas/common_1.0.xsd.
 **         info [-]: Reserved schema, internal build.
 ****** successful.
2016-01-29 09:47:50,729 EST INFO   log.kernel 0985:0003 [ebx-boot] Compilation done in 10 ms:
 ****** Schema[module: ebx-root-1.0, path: /WEB-INF/ebx/schemas/session_1.0.xsd, iid=021]
 **         info [-]: Include: Module: ebx-root-1.0, path: /WEB-INF/ebx/schemas/coreModel_1.0.xsd.
 **         info [-]: Import: Module: ebx-root-1.0, path: /WEB-INF/ebx/schemas/common_1.0.xsd.
 **         info [-]: Reserved schema, internal build.
 ****** successful.
2016-01-29 09:47:51,396 EST INFO   log.kernel 0985:0003 [ebx-boot] Compilation done in 715 ms:
 ****** Schema[module: ebx-manager, path: /WEB-INF/ebx/dataModel.xsd, iid=013]
 **         info [-]: Redefines Module: ebx-root-1.0, path: /WEB-INF/ebx/schemas/session_1.0.xsd.
 **         info [-]: Data model (XML Schema): described in Java class [com.orchestranetworks.manager.core.Installer].
 **         info [-]: Import: Module: ebx-root-1.0, path: /WEB-INF/ebx/schemas/common_1.0.xsd.
 **         info [-]: Default schema, since no global elements are declared, elements of type UserSessionType are used as adaptation roots.
 ****** successful.
2016-01-29 09:47:51,401 EST INFO   log.kernel 0985:0003 [ebx-boot] Compilation done in 0 ms:
 ****** Schema[url: http://schema.orchestranetworks.com/common_1.0.xsd, iid=023]
 **         info [-]: Reserved schema, internal build.
 ****** successful.
2016-01-29 09:47:51,403 EST INFO   log.kernel 0985:0003 [ebx-boot] Compilation done in 1 ms:
 ****** Schema[url: http://schema.orchestranetworks.com/session_1.0.xsd, iid=024]
 **         info [-]: Include: Module: ebx-root-1.0, path: /WEB-INF/ebx/schemas/coreModel_1.0.xsd.
 **         info [-]: Import: Module: ebx-root-1.0, path: /WEB-INF/ebx/schemas/common_1.0.xsd.
 **         info [-]: Reserved schema, internal build.
 ****** successful.
2016-01-29 09:47:51,422 EST INFO   log.kernel 0985:0003 [ebx-boot] Compilation done in 26 ms:
 ****** Schema[module: ebx-root-1.0, path: /WEB-INF/ebx/schemas/perspective_1.0.xsd, iid=017]
 **         info [-]: Import: Model URI: http://schema.orchestranetworks.com/common_1.0.xsd.
 **         info [-]: Import: Model URI: http://schema.orchestranetworks.com/session_1.0.xsd.
 ****** successful.
2016-01-29 09:47:51,504 EST INFO   log.kernel 0985:0003 [ebx-boot] Compilation done in 40 ms:
 ****** Schema[module: ebx-root-1.0, path: /WEB-INF/ebx/schemas/viewsPreferences_5.0.xsd, iid=012]
 **         info [-]: Include: Module: ebx-root-1.0, path: /WEB-INF/ebx/schemas/customViewsTypes.xsd.
 **         info [-]: Import: Module: ebx-root-1.0, path: /WEB-INF/ebx/schemas/common_1.0.xsd.
 ****** successful.
2016-01-29 09:47:51,553 EST INFO   log.kernel 0985:0003 [ebx-boot] Compilation done in 45 ms:
 ****** Schema[module: ebx-root-1.0, path: /WEB-INF/ebx/schemas/workflow/workflow_types_1.1.xsd, iid=025]
 **         info [-]: Import: Module: ebx-root-1.0, path: /WEB-INF/ebx/schemas/common_1.0.xsd.
 **         info [-]: No adaptation roots since there is no global element declarations.
 ****** successful.
2016-01-29 09:47:51,565 EST INFO   log.kernel 0985:0003 [ebx-boot] Compilation done in 60 ms:
 ****** Schema[module: ebx-root-1.0, path: /WEB-INF/ebx/schemas/workflow/workflow_configuration_1.1.xsd, iid=00A]
 **         info [-]: Include: Module: ebx-root-1.0, path: /WEB-INF/ebx/schemas/workflow/workflow_types_1.1.xsd.
 **         info [-]: Import: Module: ebx-root-1.0, path: /WEB-INF/ebx/schemas/common_1.0.xsd.
 ****** successful.
2016-01-29 09:47:51,669 EST INFO   log.kernel 0985:0003 [ebx-boot] Compilation done in 103 ms:
 ****** Schema[module: ebx-root-1.0, path: /WEB-INF/ebx/schemas/workflow/workflow_definition_1.1.xsd, iid=009]
 **         info [-]: Include: Module: ebx-root-1.0, path: /WEB-INF/ebx/schemas/workflow/workflow_types_1.1.xsd.
 **         info [-]: Import: Module: ebx-root-1.0, path: /WEB-INF/ebx/schemas/common_1.0.xsd.
 ****** successful.
2016-01-29 09:47:51,677 EST INFO   log.kernel 0985:0003 [ebx-docIndexing] Indexing EBX5 documentation for 'en', /www/common/html/onHelp/simple/: done in 958 ms.
2016-01-29 09:47:51,678 EST INFO   log.kernel 0985:0003 [ebx-docIndexing] Indexing EBX5 documentation for 'en', /www/common/html/onHelp/advanced/: running...
2016-01-29 09:47:51,765 EST INFO   log.kernel 0985:0003 [ebx-boot] Compilation done in 96 ms:
 ****** Schema[module: ebx-root-1.0, path: /WEB-INF/ebx/schemas/workflow/workflow_execution_1.1.xsd, iid=00B]
 **         info [-]: Include: Module: ebx-root-1.0, path: /WEB-INF/ebx/schemas/workflow/workflow_types_1.1.xsd.
 **         info [-]: Import: Module: ebx-root-1.0, path: /WEB-INF/ebx/schemas/common_1.0.xsd.
 ****** successful.
2016-01-29 09:47:51,779 EST INFO   log.kernel 0985:0003 [ebx-boot] Module[Geomatch Module]: properties file [/WEB-INF/ebx/module.properties] does not exist.
2016-01-29 09:47:51,779 EST INFO   log.kernel 0985:0003 [ebx-boot] Compilation done in 1 ms:
 ****** Module[Geomatch Module]
 **         info [-]: Locales defined: en_US, fr_FR.
 ****** successful.
2016-01-29 09:47:51,819 EST INFO   log.kernel 0985:0003 [ebx-boot] Compilation done in 28 ms:
 ****** Module[ebx-addon-adix]
 ****** successful.
2016-01-29 09:47:51,973 EST INFO   log.kernel 0985:0003 [ebx-boot] Compilation done in 11 ms (branch "ebx-preferences"):
 ****** Schema[module: ebx-root-1.0, path: /WEB-INF/ebx/schemas/userPreferences_5.0.xsd, iid=011]
 **         info [-]: Import: Module: ebx-root-1.0, path: /WEB-INF/ebx/schemas/common_1.0.xsd.
 ****** successful.
2016-01-29 09:47:51,977 EST INFO   log.kernel 0985:0003 [ebx-boot] Compilation done in 22 ms (branch "Reference"):
 ****** Schema[PublicationName: GeomatchDataModel, iid=01C]
 **         info [-]: Available locales: en_US, fr_FR.
 **         info [-]: Import: Model URI: http://schema.orchestranetworks.com/common_1.0.xsd.
 **         info [-]: Import: Model URI: http://schema.orchestranetworks.com/session_1.0.xsd.
 ****** successful.
2016-01-29 09:47:51,981 EST INFO   log.kernel 0985:0003 [ebx-boot] Compilation done in 46 ms (branch "ebx-addon-adix"):
 ****** Schema[module: ebx-addon-adix, path: /WEB-INF/ebx/schema/preferences.xsd, iid=01A]
 **         info [-]: Import: Model URI: http://schema.orchestranetworks.com/common_1.0.xsd.
 **         info [-]: Import: Model URI: http://schema.orchestranetworks.com/session_1.0.xsd.
 ****** successful.
2016-01-29 09:47:52,065 EST INFO   log.kernel 0985:0003 [ebx-boot] Compilation done in 68 ms (branch "ebx-addon-adix-dataexchange"):
 ****** Schema[module: ebx-addon-adix, path: /WEB-INF/ebx/schema/ebx-addon-adix-dataexchange.xsd, iid=01B]
 **         info [-]: Import: Model URI: http://schema.orchestranetworks.com/common_1.0.xsd.
 **         info [-]: Import: Model URI: http://schema.orchestranetworks.com/session_1.0.xsd.
 ****** successful.
2016-01-29 09:47:52,065 EST INFO   log.kernel 0985:0003 [ebx-boot] End of data models compilation...
2016-01-29 09:47:52,156 EST INFO   log.kernel 0985:0003 [ebx-boot] EBX5 event broker - Publisher for topic ID 'com.orchestranetworks.eventbroker.TopicForHome' is registered.
2016-01-29 09:47:52,164 EST INFO   log.kernel 0985:0003 [ebx-boot] EBX5 event broker - Publisher for topic ID 'com.orchestranetworks.eventbroker.TopicForRepository' is registered.
2016-01-29 09:47:52,167 EST INFO   log.kernel 0985:0003 [ebx-boot] EBX5 event broker - Publisher for topic ID 'com.orchestranetworks.eventbroker.TopicForSession' is registered.
2016-01-29 09:47:52,169 EST INFO   log.kernel 0985:0003 [ebx-boot] Executing handleRepositoryStart() on com.orchestranetworks.addon.AddonLicenseInitializer@5c04036c...
2016-01-29 09:47:52,175 EST INFO   log.kernel 0985:0003 [ebx-boot] Module addon [adix] is activated.
2016-01-29 09:47:52,176 EST INFO   log.kernel 0985:0003 [ebx-boot] Executing handleRepositoryStart() on b[com.orchestranetworks.addon.adix.module.AdixRegisterAddon@761b1568]@799b85ac...
2016-01-29 09:47:52,421 EST INFO   log.kernel 0985:0003 [ebx-boot] Executed the following action on home : branch "ebx-views"
<entry request="Procedure" branch="ebx-views" date="2016-01-29T09:47:52.421" entryId="462A5950-C697-11E5-9B5F-00BCB1E7F93B">
	<sourceSystem trackingInfo="[Data Exchange: Initialize views...]" />
	<Procedure javaClass="com.orchestranetworks.addon.adix.module.CreateViewsProcedure" />
</entry>
2016-01-29 09:47:52,452 EST INFO   log.kernel 0985:0003 [ebx-boot] Executing handleRepositoryStart() on b[com.orchestranetworks.dma.module.RegisterServlet@15721eab]@664b4226...
2016-01-29 09:47:52,453 EST INFO   log.kernel 0985:0003 [ebx-boot] Executing handleRepositoryStart() on b[com.orchestranetworks.manager.RegisterManagerServlet@7b5c94b0]@6cdd5ce8...
2016-01-29 09:47:52,459 EST INFO   log.kernel 0985:0003 [ebx-boot] Executing handleRepositoryStart() on b[com.onwbp.front.RegisterRootServlet@695f909e]@5539b5e1...
2016-01-29 09:47:52,634 EST INFO   log.kernel 0985:0003 [ebx-boot] ******** Preloading EBX5 repository. ********
2016-01-29 09:47:52,635 EST INFO   log.kernel 0985:0003 [ebx-boot] Preload of branch "ebx-globalPermissions" has started...
2016-01-29 09:47:52,638 EST INFO   log.kernel 0985:0003 [ebx-boot] Ensured the preload of branch "ebx-globalPermissions" in 3 ms.
2016-01-29 09:47:52,638 EST INFO   log.kernel 0985:0003 [ebx-boot] Preload of branch "ebx-history" has started...
2016-01-29 09:47:52,638 EST INFO   log.kernel 0985:0003 [ebx-boot] Ensured the preload of branch "ebx-history" in 0 ms.
2016-01-29 09:47:52,639 EST INFO   log.kernel 0985:0003 [ebx-boot] Preload of branch "ebx-addons" has started...
2016-01-29 09:47:52,639 EST INFO   log.kernel 0985:0003 [ebx-boot] Ensured the preload of branch "ebx-addons" in 0 ms.
2016-01-29 09:47:52,639 EST INFO   log.kernel 0985:0003 [ebx-boot] Preload of branch "ebx-views" has started...
2016-01-29 09:47:52,639 EST INFO   log.kernel 0985:0003 [ebx-boot] Ensured the preload of branch "ebx-views" in 0 ms.
2016-01-29 09:47:52,639 EST INFO   log.kernel 0985:0003 [ebx-boot] Preload of branch "ebx-addon-adix" has started...
2016-01-29 09:47:52,640 EST INFO   log.kernel 0985:0003 [ebx-boot] Ensured the preload of branch "ebx-addon-adix" in 0 ms.
2016-01-29 09:47:52,645 EST INFO   log.kernel 0985:0003 [ebx-boot] Preload of branch "ebx-dataModels-publications" has started...
2016-01-29 09:47:52,646 EST INFO   log.kernel 0985:0003 [ebx-boot] Ensured the preload of branch "ebx-dataModels-publications" in 0 ms.
2016-01-29 09:47:52,647 EST INFO   log.kernel 0985:0003 [ebx-boot] Preload of branch "ebx-autoIncrements" has started...
2016-01-29 09:47:52,653 EST INFO   log.kernel 0985:0003 [ebx-boot] Ensured the preload of branch "ebx-autoIncrements" in 6 ms.
2016-01-29 09:47:52,653 EST INFO   log.kernel 0985:0003 [ebx-boot] Preload of branch "ebx-manager" has started...
2016-01-29 09:47:52,654 EST INFO   log.kernel 0985:0003 [ebx-boot] Ensured the preload of branch "ebx-manager" in 1 ms.
2016-01-29 09:47:52,654 EST INFO   log.kernel 0985:0003 [ebx-boot] Preload of branch "ebx-directory" has started...
2016-01-29 09:47:52,657 EST INFO   log.kernel 0985:0003 [ebx-boot] Ensured the preload of branch "ebx-directory" in 3 ms.
2016-01-29 09:47:52,659 EST INFO   log.kernel 0985:0003 [ebx-boot] Preload of branch "ebx-dataSpaces" has started...
2016-01-29 09:47:52,671 EST INFO   log.kernel 0985:0003 [ebx-boot] Ensured the preload of branch "ebx-dataSpaces" in 12 ms.
2016-01-29 09:47:52,672 EST INFO   log.kernel 0985:0003 [ebx-boot] Preload of branch "ebx-preferences" has started...
2016-01-29 09:47:52,673 EST INFO   log.kernel 0985:0003 [ebx-boot] Ensured the preload of branch "ebx-preferences" in 1 ms.
2016-01-29 09:47:52,674 EST INFO   log.kernel 0985:0003 [ebx-boot] Preload of branch "ebx-addon-adix-dataexchange" has started...
2016-01-29 09:47:52,675 EST INFO   log.kernel 0985:0003 [ebx-boot] Ensured the preload of branch "ebx-addon-adix-dataexchange" in 1 ms.
2016-01-29 09:47:52,676 EST INFO   log.kernel 0985:0003 [ebx-boot] ******** Preloading EBX5 repository done. ********
2016-01-29 09:47:52,676 EST INFO   log.kernel 0985:0003 [ebx-boot] ******** Prevalidating EBX5 repository. ********
2016-01-29 09:47:52,677 EST INFO   log.kernel 0985:0003 [ebx-boot] Ensured the prevalidation of branch "ebx-globalPermissions" in 1 ms.
2016-01-29 09:47:52,677 EST INFO   log.kernel 0985:0003 [ebx-boot] Ensured the prevalidation of branch "ebx-history" in 0 ms.
2016-01-29 09:47:52,682 EST INFO   log.setup 0985:0003 [ebx-boot] Validation done in 3 ms:
 ****** Adaptation ebx-addons in branch "ebx-addons"
 ****** successful.
2016-01-29 09:47:52,685 EST INFO   log.kernel 0985:0003 [ebx-boot] Ensured the prevalidation of branch "ebx-addons" in 8 ms.
2016-01-29 09:47:52,685 EST INFO   log.kernel 0985:0003 [ebx-boot] Ensured the prevalidation of branch "ebx-views" in 0 ms.
2016-01-29 09:47:52,693 EST INFO   log.setup 0985:0003 [ebx-boot] Validation done in 8 ms:
 ****** Adaptation ebx-addon-adix in branch "ebx-addon-adix"
 ****** successful.
2016-01-29 09:47:52,693 EST INFO   log.kernel 0985:0003 [ebx-boot] Ensured the prevalidation of branch "ebx-addon-adix" in 8 ms.
2016-01-29 09:47:52,694 EST INFO   log.kernel 0985:0003 [ebx-boot] Ensured the prevalidation of branch "ebx-dataModels-publications" in 0 ms.
2016-01-29 09:47:52,694 EST INFO   log.kernel 0985:0003 [ebx-boot] Ensured the prevalidation of branch "ebx-autoIncrements" in 0 ms.
2016-01-29 09:47:52,698 EST INFO   log.setup 0985:0003 [ebx-boot] Validation done in 4 ms:
 ****** Adaptation ebx-manager in branch "ebx-manager"
 ****** successful.
2016-01-29 09:47:52,698 EST INFO   log.kernel 0985:0003 [ebx-boot] Ensured the prevalidation of branch "ebx-manager" in 4 ms.
2016-01-29 09:47:53,435 EST INFO   log.setup 0985:0003 [ebx-boot] Compilation done in 737 ms:
 ****** FiniteStateMachine[ebx-manager]
 **         info [-]: finite state machine described in Java class [com.orchestranetworks.manager.core.Installer]
 ****** successful.
2016-01-29 09:47:53,436 EST INFO   log.kernel 0985:0003 [ebx-boot] Ensured the prevalidation of branch "ebx-directory" in 0 ms.
2016-01-29 09:47:53,436 EST INFO   log.kernel 0985:0003 [ebx-boot] Ensured the prevalidation of branch "ebx-dataSpaces" in 0 ms.
2016-01-29 09:47:53,436 EST INFO   log.kernel 0985:0003 [ebx-boot] Ensured the prevalidation of branch "ebx-preferences" in 0 ms.
2016-01-29 09:47:53,466 EST INFO   log.setup 0985:0003 [ebx-boot] Validation done in 30 ms:
 ****** Adaptation ebx-addon-adix-dataexchange in branch "ebx-addon-adix-dataexchange"
 ****** 2 warnings.
2016-01-29 09:47:53,467 EST INFO   log.kernel 0985:0003 [ebx-boot] Ensured the prevalidation of branch "ebx-addon-adix-dataexchange" in 31 ms.
2016-01-29 09:47:53,467 EST INFO   log.kernel 0985:0003 [ebx-boot] ******** Prevalidating EBX5 repository done. ********
2016-01-29 09:47:53,467 EST INFO   log.kernel 0985:0003 [ebx-boot]  
2016-01-29 09:47:53,467 EST INFO   log.kernel 0985:0003 [ebx-boot] ******** Preload and prevalidation done. ********
2016-01-29 09:47:53,467 EST INFO   log.kernel 0985:0003 [ebx-boot]  
2016-01-29 09:47:53,468 EST INFO   log.kernel 0985:0003 [ebx-boot] ******** Auditing EBX5 repository security. ********
2016-01-29 09:47:53,469 EST INFO   log.kernel 0985:0003 [ebx-boot] ******** Auditing EBX5 repository security done. ********
2016-01-29 09:47:53,480 EST INFO   log.kernel 0985:0003 [ebx-boot] Starting EBX5 scheduler.
2016-01-29 09:47:53,510 EST INFO   log.kernel 0985:0003 [ebx-boot] EBX5 scheduler - execution threads will use class loader of thread: ebx-boot
2016-01-29 09:47:53,521 EST INFO   log.kernel 0985:0003 [ebx-boot] EBX5 scheduler - scheduler thread inheriting ContextClassLoader of thread: ebx-boot
2016-01-29 09:47:53,525 EST INFO   log.kernel 0985:0003 [ebx-boot] EBX5 scheduler - job store initialized.
2016-01-29 09:47:53,525 EST INFO   log.kernel 0985:0003 [ebx-boot] EBX5 scheduler - ebx-scheduler-resources started.
2016-01-29 09:47:53,526 EST INFO   log.kernel 0985:0003 [ebx-boot]  
2016-01-29 09:47:53,526 EST INFO   log.kernel 0985:0003 [ebx-boot] ******** EBX5 scheduler started. ********
2016-01-29 09:47:53,526 EST INFO   log.kernel 0985:0003 [ebx-boot]  
2016-01-29 09:47:53,555 EST INFO   log.setup 0985:0003 [ebx-boot] Validation done in 23 ms:
 ****** Adaptation ebx-scheduler in branch "ebx-scheduler"
 ****** 1 warnings.
2016-01-29 09:47:53,559 EST INFO   log.kernel 0985:0003 [ebx-boot]  
2016-01-29 09:47:53,559 EST INFO   log.kernel 0985:0003 [ebx-boot] ******** EBX5 started and initialized. ********
2016-01-29 09:47:53,560 EST INFO   log.kernel 0985:0003 [ebx-boot]  
2016-01-29 09:47:54,558 EST INFO   log.kernel 0985:0003 [ebx-docIndexing] Indexing EBX5 documentation for 'en', /www/common/html/onHelp/advanced/: done in 2880 ms.
2016-01-29 09:47:54,558 EST INFO   log.kernel 0985:0003 [ebx-docIndexing] Indexing EBX5 documentation for 'fr', /www/fr_FR/html/onHelp/simple/: running...
2016-01-29 09:47:55,196 EST INFO   log.kernel 0985:0003 [ebx-docIndexing] Indexing EBX5 documentation for 'fr', /www/fr_FR/html/onHelp/simple/: done in 638 ms.
2016-01-29 09:47:55,196 EST INFO   log.kernel 0985:0003 [ebx-docIndexing] Indexing EBX5 documentation for 'fr', /www/fr_FR/html/onHelp/advanced/: running...
2016-01-29 09:47:57,367 EST INFO   log.kernel 0985:0003 [ebx-docIndexing] Indexing EBX5 documentation for 'fr', /www/fr_FR/html/onHelp/advanced/: done in 2171 ms.
2016-01-29 09:47:57,367 EST INFO   log.kernel 0985:0003 [ebx-docIndexing] Indexing EBX5 documentation done.
2016-01-29 09:48:17,105 EST INFO   log.frontEnd 0985:0003 [http-bio-8090-exec-1] 	0:0:0:0:0:0:0:1	005D353D06768473D813E85699914CF5:0	ebx-manager	P	.sessionOut.sessionOutLogin	wbp:_Manager.html	0	onwbpInitialDefault	INIT=> userAgent=Mozilla/5.0 (Macintosh; Intel Mac OS X 10_11_2) AppleWebKit/601.3.9 (KHTML, like Gecko) Version/9.0.2 Safari/601.3.9 languages=en-us initialRequestReferer=null
2016-01-29 09:48:17,288 EST INFO   log.frontEnd 0985:0003 [http-bio-8090-exec-3] 	0:0:0:0:0:0:0:1	005D353D06768473D813E85699914CF5:1	ebx-manager	P	.sessionOut.sessionOutLogin	wbp:_Manager.html	0	onwbpInitialDefault	INIT=> userAgent=Mozilla/5.0 (Macintosh; Intel Mac OS X 10_11_2) AppleWebKit/601.3.9 (KHTML, like Gecko) Version/9.0.2 Safari/601.3.9 languages=en-us initialRequestReferer=null
2016-01-29 09:48:22,571 EST INFO   log.frontEnd 0985:0003 [http-bio-8090-exec-5] 	005D353D06768473D813E85699914CF5:1	Manager session has been started with authenticated user [admin].
2016-01-29 10:05:30,475 EST INFO   log.kernel 0985:0003 [ebx-shutdown] Shutting down EBX5...
2016-01-29 10:05:30,480 EST INFO   log.kernel 0985:0003 [ebx-shutdown] Executing handleRepositoryShutdown() on com.orchestranetworks.addon.AddonLicenseInitializer@5c04036c...
2016-01-29 10:05:30,481 EST INFO   log.kernel 0985:0003 [ebx-shutdown] Executing handleRepositoryShutdown() on b[com.orchestranetworks.addon.adix.module.AdixRegisterAddon@761b1568]@799b85ac...
2016-01-29 10:05:30,482 EST INFO   log.kernel 0985:0003 [ebx-shutdown] Executing handleRepositoryShutdown() on b[com.orchestranetworks.dma.module.RegisterServlet@15721eab]@664b4226...
2016-01-29 10:05:30,482 EST INFO   log.kernel 0985:0003 [ebx-shutdown] Executing handleRepositoryShutdown() on b[com.orchestranetworks.manager.RegisterManagerServlet@7b5c94b0]@6cdd5ce8...
2016-01-29 10:05:30,482 EST INFO   log.kernel 0985:0003 [ebx-shutdown] Executing handleRepositoryShutdown() on b[com.onwbp.front.RegisterRootServlet@695f909e]@5539b5e1...
2016-01-29 10:05:30,484 EST INFO   log.kernel 0985:0003 [ebx-shutdown] Stopping workflow repository
2016-01-29 10:05:30,488 EST INFO   log.kernel 0985:0003 [ebx-shutdown] Stopping workflow queue manager
2016-01-29 10:05:30,505 EST INFO   log.kernel 0985:0003 [ebx-shutdown] Stopping workflow work item supervisor
2016-01-29 10:05:30,509 EST INFO   log.kernel 0985:0003 [ebx-shutdown] Shutting down repository [jdbc:h2:/Users/susannahdarling/Documents/workspace/EBXworkspace/EBX Home/ebxRepository/h2/repository]...
2016-01-29 10:05:30,627 EST WARN   log.kernel 0985:0003 [localhost-startStop-2] EBX5 FrontServlet receives a destroy, this will unload web application 'ebx' and shut down repository.
2016-01-29 10:05:30,629 EST INFO   log.kernel 0985:0003 [ebx-memorySupervisor] Received InterruptedException.
2016-01-29 10:05:30,629 EST INFO   log.kernel 0985:0003 [localhost-startStop-2] Shutting down EBX5 scheduler.
2016-01-29 10:05:30,629 EST INFO   log.kernel 0985:0003 [localhost-startStop-2] EBX5 scheduler - ebx-scheduler-resources shutting down.
2016-01-29 10:05:30,630 EST INFO   log.kernel 0985:0003 [localhost-startStop-2] EBX5 scheduler - ebx-scheduler-resources paused.
2016-01-29 10:05:30,630 EST INFO   log.kernel 0985:0003 [localhost-startStop-2] EBX5 scheduler - ebx-scheduler-resources shutdown complete.
2016-01-29 10:05:30,631 EST INFO   log.kernel 0985:0003 [localhost-startStop-2] Shutting down repository [jdbc:h2:/Users/susannahdarling/Documents/workspace/EBXworkspace/EBX Home/ebxRepository/h2/repository]...
2016-01-29 10:05:31,344 EST INFO   log.kernel 0985:0003 [localhost-startStop-2] Shutting down repository cache l[]@54cf1b25...
2016-01-29 10:05:31,351 EST INFO   log.frontEnd.incomingRequest 0985:0003 [ebx-shutdown] **** Server Stopped (logVersion=1.4) ****
2016-01-29 10:05:31,366 EST INFO   log.frontEnd 0985:0003 [ebx-shutdown] **** Server Stopped (logVersion=1.4) ****
2016-01-29 10:05:31,367 EST INFO   log.frontEnd.requestHistory 0985:0003 [ebx-shutdown] **** Server Stopped (logVersion=1.4) ****
2016-01-29 10:05:31,368 EST INFO   log.setup 0985:0003 [ebx-shutdown] **** Server Stopped (logVersion=1.4) ****
2016-01-29 10:05:31,370 EST INFO   log.frontEnd.UIComponentInput 0985:0003 [ebx-shutdown] **** Server Stopped (logVersion=1.4) ****
2016-01-29 10:05:31,370 EST INFO   log.kernel 0985:0003 [ebx-shutdown] **** Server Stopped (logVersion=1.4) ****
2016-01-29 10:05:31,390 EST INFO   log.kernel 0985:0003 [localhost-startStop-2] Modules' registry #2afdf94c:
	Unregistered module [Geomatch Module].
	Registry now contains: ebx-root-1.0, ebx-manager, ebx-dma, ebx-addon-adix.
2016-01-29 10:05:31,441 EST INFO   log.kernel 0985:0003 [localhost-startStop-2] Modules' registry #2afdf94c:
	Removed property file from watchdog: /Users/susannahdarling/Documents/workspace/EBXworkspace/EBX Server/../EBX Server/webapps/ebx-manager/WEB-INF/ebx/module.properties.
	Unregistered module [ebx-manager].
	Removed property file from watchdog: /Users/susannahdarling/Documents/workspace/EBXworkspace/EBX Server/../EBX Server/webapps/ebx-addon-adix/WEB-INF/ebx/module.properties.
	Unregistered module [ebx-addon-adix].
	Unregistered module [ebx-dma].
	Removed property file from watchdog: /Users/susannahdarling/Documents/workspace/EBXworkspace/EBX Server/../EBX Server/webapps/ebx-root-1.0/WEB-INF/ebx/module.properties.
	Unregistered module [ebx-root-1.0].
	Registry now contains: .
2016-01-29 10:05:31,464 EST WARN   log.kernel 0985:0003 [localhost-startStop-2] EBX5 FrontServlet receives a destroy, this will unload web application 'ebx' and shut down repository.
2016-01-29 10:05:31,465 EST INFO   log.kernel 0985:0003 [localhost-startStop-2] Shutting down EBX5 scheduler.
2016-01-29 10:05:31,465 EST INFO   log.kernel 0985:0003 [localhost-startStop-2] Repository is already shut down [jdbc:h2:/Users/susannahdarling/Documents/workspace/EBXworkspace/EBX Home/ebxRepository/h2/repository].
2016-01-29 10:05:31,497 EST INFO   log.kernel 0985:0003 [localhost-startStop-2] Modules' registry #2afdf94c:
2016-01-29 10:05:31,500 EST WARN   log.kernel 0985:0003 [localhost-startStop-2] Module [ebx-manager] not found when dispatching onwbpInternalTimeOut (web application may have been stopped).
2016-01-29 10:05:31,500 EST WARN   log.kernel 0985:0003 [localhost-startStop-2] Module [ebx-manager] not found when dispatching onwbpInternalTimeOut (web application may have been stopped).
2016-01-29 10:05:31,519 EST INFO   log.kernel 0985:0003 [localhost-startStop-2] Modules' registry #2afdf94c:
2016-01-29 10:05:31,569 EST INFO   log.kernel 0985:0003 [localhost-startStop-2] Modules' registry #2afdf94c:
